DEB [20180315-09:39:00.844] thr=1   paramiko.transport: starting thread (client mode): 0x60b29b0
DEB [20180315-09:39:00.901] thr=1   paramiko.transport: Local version/idstring: SSH-2.0-paramiko_2.4.0
DEB [20180315-09:39:00.906] thr=1   paramiko.transport: Remote version/idstring: SSH-2.0-OpenSSH_7.4p1 Raspbian-10+deb9u2
INF [20180315-09:39:00.907] thr=1   paramiko.transport: Connected (version 2.0, client OpenSSH_7.4p1)
DEB [20180315-09:39:00.919] thr=1   paramiko.transport: kex algos:['curve25519-sha256', 'curve25519-sha256@libssh.org', 'ecdh-sha2-nistp256', 'ecdh-sha2-nistp384', 'ecdh-sha2-nistp521', 'diffie-hellman-group-exchange-sha256', 'diffie-hellman-group16-sha512', 'diffie-hellman-group18-sha512', 'diffie-hellman-group14-sha256', 'diffie-hellman-group14-sha1'] server key:['ssh-rsa', 'rsa-sha2-512', 'rsa-sha2-256', 'ecdsa-sha2-nistp256', 'ssh-ed25519'] client encrypt:['chacha20-poly1305@openssh.com', 'aes128-ctr', 'aes192-ctr', 'aes256-ctr', 'aes128-gcm@openssh.com', 'aes256-gcm@openssh.com'] server encrypt:['chacha20-poly1305@openssh.com', 'aes128-ctr', 'aes192-ctr', 'aes256-ctr', 'aes128-gcm@openssh.com', 'aes256-gcm@openssh.com'] client mac:['umac-64-etm@openssh.com', 'umac-128-etm@openssh.com', 'hmac-sha2-256-etm@openssh.com', 'hmac-sha2-512-etm@openssh.com', 'hmac-sha1-etm@openssh.com', 'umac-64@openssh.com', 'umac-128@openssh.com', 'hmac-sha2-256', 'hmac-sha2-512', 'hmac-sha1'] server mac:['umac-64-etm@openssh.com', 'umac-128-etm@openssh.com', 'hmac-sha2-256-etm@openssh.com', 'hmac-sha2-512-etm@openssh.com', 'hmac-sha1-etm@openssh.com', 'umac-64@openssh.com', 'umac-128@openssh.com', 'hmac-sha2-256', 'hmac-sha2-512', 'hmac-sha1'] client compress:['none', 'zlib@openssh.com'] server compress:['none', 'zlib@openssh.com'] client lang:[''] server lang:[''] kex follows?False
DEB [20180315-09:39:00.920] thr=1   paramiko.transport: Kex agreed: ecdh-sha2-nistp256
DEB [20180315-09:39:00.921] thr=1   paramiko.transport: HostKey agreed: ssh-ed25519
DEB [20180315-09:39:00.922] thr=1   paramiko.transport: Cipher agreed: aes128-ctr
DEB [20180315-09:39:00.922] thr=1   paramiko.transport: MAC agreed: hmac-sha2-256
DEB [20180315-09:39:00.922] thr=1   paramiko.transport: Compression agreed: none
DEB [20180315-09:39:02.489] thr=1   paramiko.transport: kex engine KexNistp256 specified hash_algo <built-in function openssl_sha256>
DEB [20180315-09:39:02.492] thr=1   paramiko.transport: Switch to new keys ...
DEB [20180315-09:39:02.495] thr=2   paramiko.transport: Adding ssh-ed25519 host key for raspberrypi: b'bfdc208c75fbce6bcfed0d9574b96f54'
DEB [20180315-09:39:02.553] thr=1   paramiko.transport: userauth is OK
INF [20180315-09:39:02.735] thr=1   paramiko.transport: Authentication (password) successful!
DEB [20180315-09:39:02.822] thr=1   paramiko.transport: Received global request "hostkeys-00@openssh.com"
DEB [20180315-09:39:02.823] thr=1   paramiko.transport: Rejecting "hostkeys-00@openssh.com" global request from server.
DEB [20180315-09:40:11.487] thr=1   paramiko.transport: starting thread (client mode): 0x51129b0
DEB [20180315-09:40:11.487] thr=1   paramiko.transport: Local version/idstring: SSH-2.0-paramiko_2.4.0
DEB [20180315-09:40:11.550] thr=1   paramiko.transport: Remote version/idstring: SSH-2.0-OpenSSH_7.4p1 Raspbian-10+deb9u2
INF [20180315-09:40:11.550] thr=1   paramiko.transport: Connected (version 2.0, client OpenSSH_7.4p1)
DEB [20180315-09:40:11.555] thr=1   paramiko.transport: kex algos:['curve25519-sha256', 'curve25519-sha256@libssh.org', 'ecdh-sha2-nistp256', 'ecdh-sha2-nistp384', 'ecdh-sha2-nistp521', 'diffie-hellman-group-exchange-sha256', 'diffie-hellman-group16-sha512', 'diffie-hellman-group18-sha512', 'diffie-hellman-group14-sha256', 'diffie-hellman-group14-sha1'] server key:['ssh-rsa', 'rsa-sha2-512', 'rsa-sha2-256', 'ecdsa-sha2-nistp256', 'ssh-ed25519'] client encrypt:['chacha20-poly1305@openssh.com', 'aes128-ctr', 'aes192-ctr', 'aes256-ctr', 'aes128-gcm@openssh.com', 'aes256-gcm@openssh.com'] server encrypt:['chacha20-poly1305@openssh.com', 'aes128-ctr', 'aes192-ctr', 'aes256-ctr', 'aes128-gcm@openssh.com', 'aes256-gcm@openssh.com'] client mac:['umac-64-etm@openssh.com', 'umac-128-etm@openssh.com', 'hmac-sha2-256-etm@openssh.com', 'hmac-sha2-512-etm@openssh.com', 'hmac-sha1-etm@openssh.com', 'umac-64@openssh.com', 'umac-128@openssh.com', 'hmac-sha2-256', 'hmac-sha2-512', 'hmac-sha1'] server mac:['umac-64-etm@openssh.com', 'umac-128-etm@openssh.com', 'hmac-sha2-256-etm@openssh.com', 'hmac-sha2-512-etm@openssh.com', 'hmac-sha1-etm@openssh.com', 'umac-64@openssh.com', 'umac-128@openssh.com', 'hmac-sha2-256', 'hmac-sha2-512', 'hmac-sha1'] client compress:['none', 'zlib@openssh.com'] server compress:['none', 'zlib@openssh.com'] client lang:[''] server lang:[''] kex follows?False
DEB [20180315-09:40:11.555] thr=1   paramiko.transport: Kex agreed: ecdh-sha2-nistp256
DEB [20180315-09:40:11.556] thr=1   paramiko.transport: HostKey agreed: ssh-ed25519
DEB [20180315-09:40:11.556] thr=1   paramiko.transport: Cipher agreed: aes128-ctr
DEB [20180315-09:40:11.556] thr=1   paramiko.transport: MAC agreed: hmac-sha2-256
DEB [20180315-09:40:11.556] thr=1   paramiko.transport: Compression agreed: none
DEB [20180315-09:40:11.671] thr=1   paramiko.transport: kex engine KexNistp256 specified hash_algo <built-in function openssl_sha256>
DEB [20180315-09:40:11.672] thr=1   paramiko.transport: Switch to new keys ...
DEB [20180315-09:40:11.672] thr=2   paramiko.transport: Adding ssh-ed25519 host key for raspberrypi: b'bfdc208c75fbce6bcfed0d9574b96f54'
DEB [20180315-09:40:11.725] thr=1   paramiko.transport: userauth is OK
INF [20180315-09:40:11.840] thr=1   paramiko.transport: Authentication (password) successful!
DEB [20180315-09:40:11.926] thr=1   paramiko.transport: Received global request "hostkeys-00@openssh.com"
DEB [20180315-09:40:11.926] thr=1   paramiko.transport: Rejecting "hostkeys-00@openssh.com" global request from server.
DEB [20180315-09:40:13.031] thr=2   paramiko.transport: [chan 0] Max packet in: 32768 bytes
DEB [20180315-09:40:13.039] thr=1   paramiko.transport: [chan 0] Max packet out: 32768 bytes
DEB [20180315-09:40:13.040] thr=1   paramiko.transport: Secsh channel 0 opened.
DEB [20180315-09:40:13.046] thr=1   paramiko.transport: [chan 0] Sesch channel 0 request ok
DEB [20180315-09:40:13.348] thr=2   paramiko.transport: [chan 1] Max packet in: 32768 bytes
DEB [20180315-09:40:13.370] thr=1   paramiko.transport: [chan 1] Max packet out: 32768 bytes
DEB [20180315-09:40:13.370] thr=1   paramiko.transport: Secsh channel 1 opened.
DEB [20180315-09:40:13.378] thr=1   paramiko.transport: [chan 1] Sesch channel 1 request ok
DEB [20180315-09:40:13.378] thr=2   paramiko.transport: [chan 0] EOF sent (0)
DEB [20180315-09:40:13.384] thr=1   paramiko.transport: [chan 1] EOF received (1)
DEB [20180315-09:40:13.385] thr=1   paramiko.transport: [chan 1] EOF sent (1)
DEB [20180315-09:40:13.609] thr=1   paramiko.transport: Ignoring message for dead channel 0
DEB [20180315-09:40:13.610] thr=1   paramiko.transport: Ignoring message for dead channel 0
DEB [20180315-09:40:16.974] thr=2   paramiko.transport: [chan 2] Max packet in: 32768 bytes
DEB [20180315-09:40:16.985] thr=1   paramiko.transport: [chan 2] Max packet out: 32768 bytes
DEB [20180315-09:40:16.985] thr=1   paramiko.transport: Secsh channel 2 opened.
DEB [20180315-09:40:16.993] thr=1   paramiko.transport: [chan 2] Sesch channel 2 request ok
DEB [20180315-09:40:17.009] thr=1   paramiko.transport: [chan 2] EOF received (2)
DEB [20180315-09:40:17.011] thr=1   paramiko.transport: [chan 2] EOF sent (2)
DEB [20180315-09:40:18.870] thr=3   paramiko.transport: starting thread (client mode): 0x5976a50
DEB [20180315-09:40:18.871] thr=3   paramiko.transport: Local version/idstring: SSH-2.0-paramiko_2.4.0
DEB [20180315-09:40:18.929] thr=3   paramiko.transport: Remote version/idstring: SSH-2.0-OpenSSH_7.4p1 Raspbian-10+deb9u2
INF [20180315-09:40:18.930] thr=3   paramiko.transport: Connected (version 2.0, client OpenSSH_7.4p1)
DEB [20180315-09:40:18.937] thr=3   paramiko.transport: kex algos:['curve25519-sha256', 'curve25519-sha256@libssh.org', 'ecdh-sha2-nistp256', 'ecdh-sha2-nistp384', 'ecdh-sha2-nistp521', 'diffie-hellman-group-exchange-sha256', 'diffie-hellman-group16-sha512', 'diffie-hellman-group18-sha512', 'diffie-hellman-group14-sha256', 'diffie-hellman-group14-sha1'] server key:['ssh-rsa', 'rsa-sha2-512', 'rsa-sha2-256', 'ecdsa-sha2-nistp256', 'ssh-ed25519'] client encrypt:['chacha20-poly1305@openssh.com', 'aes128-ctr', 'aes192-ctr', 'aes256-ctr', 'aes128-gcm@openssh.com', 'aes256-gcm@openssh.com'] server encrypt:['chacha20-poly1305@openssh.com', 'aes128-ctr', 'aes192-ctr', 'aes256-ctr', 'aes128-gcm@openssh.com', 'aes256-gcm@openssh.com'] client mac:['umac-64-etm@openssh.com', 'umac-128-etm@openssh.com', 'hmac-sha2-256-etm@openssh.com', 'hmac-sha2-512-etm@openssh.com', 'hmac-sha1-etm@openssh.com', 'umac-64@openssh.com', 'umac-128@openssh.com', 'hmac-sha2-256', 'hmac-sha2-512', 'hmac-sha1'] server mac:['umac-64-etm@openssh.com', 'umac-128-etm@openssh.com', 'hmac-sha2-256-etm@openssh.com', 'hmac-sha2-512-etm@openssh.com', 'hmac-sha1-etm@openssh.com', 'umac-64@openssh.com', 'umac-128@openssh.com', 'hmac-sha2-256', 'hmac-sha2-512', 'hmac-sha1'] client compress:['none', 'zlib@openssh.com'] server compress:['none', 'zlib@openssh.com'] client lang:[''] server lang:[''] kex follows?False
DEB [20180315-09:40:18.938] thr=3   paramiko.transport: Kex agreed: ecdh-sha2-nistp256
DEB [20180315-09:40:18.938] thr=3   paramiko.transport: HostKey agreed: ssh-ed25519
DEB [20180315-09:40:18.938] thr=3   paramiko.transport: Cipher agreed: aes128-ctr
DEB [20180315-09:40:18.939] thr=3   paramiko.transport: MAC agreed: hmac-sha2-256
DEB [20180315-09:40:18.939] thr=3   paramiko.transport: Compression agreed: none
DEB [20180315-09:40:18.968] thr=3   paramiko.transport: kex engine KexNistp256 specified hash_algo <built-in function openssl_sha256>
DEB [20180315-09:40:18.969] thr=3   paramiko.transport: Switch to new keys ...
DEB [20180315-09:40:18.970] thr=2   paramiko.transport: Attempting password auth...
DEB [20180315-09:40:19.027] thr=3   paramiko.transport: userauth is OK
INF [20180315-09:40:19.145] thr=3   paramiko.transport: Authentication (password) successful!
DEB [20180315-09:40:19.146] thr=2   paramiko.transport: [chan 0] Max packet in: 32768 bytes
DEB [20180315-09:40:19.230] thr=3   paramiko.transport: Received global request "hostkeys-00@openssh.com"
DEB [20180315-09:40:19.230] thr=3   paramiko.transport: Rejecting "hostkeys-00@openssh.com" global request from server.
DEB [20180315-09:40:19.278] thr=3   paramiko.transport: [chan 0] Max packet out: 32768 bytes
DEB [20180315-09:40:19.278] thr=3   paramiko.transport: Secsh channel 0 opened.
DEB [20180315-09:40:19.285] thr=3   paramiko.transport: [chan 0] Sesch channel 0 request ok
INF [20180315-09:40:19.300] thr=2   paramiko.transport.sftp: [chan 0] Opened sftp connection (server version 3)
DEB [20180315-09:40:19.302] thr=2   paramiko.transport.sftp: [chan 0] stat(b'/home/pi/Github/DataLogger/RPI/voltage.csv')
DEB [20180315-09:40:19.308] thr=2   paramiko.transport.sftp: [chan 0] open(b'/home/pi/Github/DataLogger/RPI/voltage.csv', 'rb')
DEB [20180315-09:40:19.312] thr=2   paramiko.transport.sftp: [chan 0] open(b'/home/pi/Github/DataLogger/RPI/voltage.csv', 'rb') -> 00000000
DEB [20180315-09:40:19.329] thr=2   paramiko.transport.sftp: [chan 0] close(00000000)
INF [20180315-09:40:19.334] thr=2   paramiko.transport.sftp: [chan 0] sftp session closed.
DEB [20180315-09:40:19.335] thr=2   paramiko.transport: [chan 0] EOF sent (0)
DEB [20180315-09:40:19.336] thr=3   paramiko.transport: EOF in transport thread
DEB [20180315-09:40:19.337] thr=1   paramiko.transport: EOF in transport thread
DEB [20180315-09:40:59.105] thr=1   paramiko.transport: starting thread (client mode): 0x5c429b0
DEB [20180315-09:40:59.108] thr=1   paramiko.transport: Local version/idstring: SSH-2.0-paramiko_2.4.0
DEB [20180315-09:40:59.165] thr=1   paramiko.transport: Remote version/idstring: SSH-2.0-OpenSSH_7.4p1 Raspbian-10+deb9u2
INF [20180315-09:40:59.166] thr=1   paramiko.transport: Connected (version 2.0, client OpenSSH_7.4p1)
DEB [20180315-09:40:59.174] thr=1   paramiko.transport: kex algos:['curve25519-sha256', 'curve25519-sha256@libssh.org', 'ecdh-sha2-nistp256', 'ecdh-sha2-nistp384', 'ecdh-sha2-nistp521', 'diffie-hellman-group-exchange-sha256', 'diffie-hellman-group16-sha512', 'diffie-hellman-group18-sha512', 'diffie-hellman-group14-sha256', 'diffie-hellman-group14-sha1'] server key:['ssh-rsa', 'rsa-sha2-512', 'rsa-sha2-256', 'ecdsa-sha2-nistp256', 'ssh-ed25519'] client encrypt:['chacha20-poly1305@openssh.com', 'aes128-ctr', 'aes192-ctr', 'aes256-ctr', 'aes128-gcm@openssh.com', 'aes256-gcm@openssh.com'] server encrypt:['chacha20-poly1305@openssh.com', 'aes128-ctr', 'aes192-ctr', 'aes256-ctr', 'aes128-gcm@openssh.com', 'aes256-gcm@openssh.com'] client mac:['umac-64-etm@openssh.com', 'umac-128-etm@openssh.com', 'hmac-sha2-256-etm@openssh.com', 'hmac-sha2-512-etm@openssh.com', 'hmac-sha1-etm@openssh.com', 'umac-64@openssh.com', 'umac-128@openssh.com', 'hmac-sha2-256', 'hmac-sha2-512', 'hmac-sha1'] server mac:['umac-64-etm@openssh.com', 'umac-128-etm@openssh.com', 'hmac-sha2-256-etm@openssh.com', 'hmac-sha2-512-etm@openssh.com', 'hmac-sha1-etm@openssh.com', 'umac-64@openssh.com', 'umac-128@openssh.com', 'hmac-sha2-256', 'hmac-sha2-512', 'hmac-sha1'] client compress:['none', 'zlib@openssh.com'] server compress:['none', 'zlib@openssh.com'] client lang:[''] server lang:[''] kex follows?False
DEB [20180315-09:40:59.175] thr=1   paramiko.transport: Kex agreed: ecdh-sha2-nistp256
DEB [20180315-09:40:59.175] thr=1   paramiko.transport: HostKey agreed: ssh-ed25519
DEB [20180315-09:40:59.176] thr=1   paramiko.transport: Cipher agreed: aes128-ctr
DEB [20180315-09:40:59.177] thr=1   paramiko.transport: MAC agreed: hmac-sha2-256
DEB [20180315-09:40:59.177] thr=1   paramiko.transport: Compression agreed: none
DEB [20180315-09:40:59.442] thr=1   paramiko.transport: kex engine KexNistp256 specified hash_algo <built-in function openssl_sha256>
DEB [20180315-09:40:59.442] thr=1   paramiko.transport: Switch to new keys ...
DEB [20180315-09:40:59.443] thr=2   paramiko.transport: Adding ssh-ed25519 host key for raspberrypi: b'bfdc208c75fbce6bcfed0d9574b96f54'
DEB [20180315-09:40:59.497] thr=1   paramiko.transport: userauth is OK
INF [20180315-09:40:59.685] thr=1   paramiko.transport: Authentication (password) successful!
DEB [20180315-09:40:59.775] thr=1   paramiko.transport: Received global request "hostkeys-00@openssh.com"
DEB [20180315-09:40:59.776] thr=1   paramiko.transport: Rejecting "hostkeys-00@openssh.com" global request from server.
DEB [20180315-09:41:01.395] thr=2   paramiko.transport: [chan 0] Max packet in: 32768 bytes
DEB [20180315-09:41:01.405] thr=1   paramiko.transport: [chan 0] Max packet out: 32768 bytes
DEB [20180315-09:41:01.405] thr=1   paramiko.transport: Secsh channel 0 opened.
DEB [20180315-09:41:01.415] thr=1   paramiko.transport: [chan 0] Sesch channel 0 request ok
DEB [20180315-09:41:01.673] thr=1   paramiko.transport: [chan 0] EOF received (0)
DEB [20180315-09:41:01.675] thr=1   paramiko.transport: [chan 0] EOF sent (0)
DEB [20180315-09:41:01.716] thr=2   paramiko.transport: [chan 1] Max packet in: 32768 bytes
DEB [20180315-09:41:01.726] thr=1   paramiko.transport: [chan 1] Max packet out: 32768 bytes
DEB [20180315-09:41:01.726] thr=1   paramiko.transport: Secsh channel 1 opened.
DEB [20180315-09:41:01.732] thr=1   paramiko.transport: [chan 1] Sesch channel 1 request ok
DEB [20180315-09:41:01.741] thr=1   paramiko.transport: [chan 1] EOF received (1)
DEB [20180315-09:41:01.743] thr=1   paramiko.transport: [chan 1] EOF sent (1)
DEB [20180315-09:41:17.807] thr=1   paramiko.transport: EOF in transport thread
DEB [20180315-09:42:30.240] thr=1   paramiko.transport: starting thread (client mode): 0x5c829b0
DEB [20180315-09:42:30.241] thr=1   paramiko.transport: Local version/idstring: SSH-2.0-paramiko_2.4.0
DEB [20180315-09:42:30.300] thr=1   paramiko.transport: Remote version/idstring: SSH-2.0-OpenSSH_7.4p1 Raspbian-10+deb9u2
INF [20180315-09:42:30.300] thr=1   paramiko.transport: Connected (version 2.0, client OpenSSH_7.4p1)
DEB [20180315-09:42:30.307] thr=1   paramiko.transport: kex algos:['curve25519-sha256', 'curve25519-sha256@libssh.org', 'ecdh-sha2-nistp256', 'ecdh-sha2-nistp384', 'ecdh-sha2-nistp521', 'diffie-hellman-group-exchange-sha256', 'diffie-hellman-group16-sha512', 'diffie-hellman-group18-sha512', 'diffie-hellman-group14-sha256', 'diffie-hellman-group14-sha1'] server key:['ssh-rsa', 'rsa-sha2-512', 'rsa-sha2-256', 'ecdsa-sha2-nistp256', 'ssh-ed25519'] client encrypt:['chacha20-poly1305@openssh.com', 'aes128-ctr', 'aes192-ctr', 'aes256-ctr', 'aes128-gcm@openssh.com', 'aes256-gcm@openssh.com'] server encrypt:['chacha20-poly1305@openssh.com', 'aes128-ctr', 'aes192-ctr', 'aes256-ctr', 'aes128-gcm@openssh.com', 'aes256-gcm@openssh.com'] client mac:['umac-64-etm@openssh.com', 'umac-128-etm@openssh.com', 'hmac-sha2-256-etm@openssh.com', 'hmac-sha2-512-etm@openssh.com', 'hmac-sha1-etm@openssh.com', 'umac-64@openssh.com', 'umac-128@openssh.com', 'hmac-sha2-256', 'hmac-sha2-512', 'hmac-sha1'] server mac:['umac-64-etm@openssh.com', 'umac-128-etm@openssh.com', 'hmac-sha2-256-etm@openssh.com', 'hmac-sha2-512-etm@openssh.com', 'hmac-sha1-etm@openssh.com', 'umac-64@openssh.com', 'umac-128@openssh.com', 'hmac-sha2-256', 'hmac-sha2-512', 'hmac-sha1'] client compress:['none', 'zlib@openssh.com'] server compress:['none', 'zlib@openssh.com'] client lang:[''] server lang:[''] kex follows?False
DEB [20180315-09:42:30.307] thr=1   paramiko.transport: Kex agreed: ecdh-sha2-nistp256
DEB [20180315-09:42:30.308] thr=1   paramiko.transport: HostKey agreed: ssh-ed25519
DEB [20180315-09:42:30.308] thr=1   paramiko.transport: Cipher agreed: aes128-ctr
DEB [20180315-09:42:30.309] thr=1   paramiko.transport: MAC agreed: hmac-sha2-256
DEB [20180315-09:42:30.309] thr=1   paramiko.transport: Compression agreed: none
DEB [20180315-09:42:30.463] thr=1   paramiko.transport: kex engine KexNistp256 specified hash_algo <built-in function openssl_sha256>
DEB [20180315-09:42:30.463] thr=1   paramiko.transport: Switch to new keys ...
DEB [20180315-09:42:30.464] thr=2   paramiko.transport: Adding ssh-ed25519 host key for raspberrypi: b'bfdc208c75fbce6bcfed0d9574b96f54'
DEB [20180315-09:42:30.516] thr=1   paramiko.transport: userauth is OK
INF [20180315-09:42:30.634] thr=1   paramiko.transport: Authentication (password) successful!
DEB [20180315-09:42:30.726] thr=1   paramiko.transport: Received global request "hostkeys-00@openssh.com"
DEB [20180315-09:42:30.726] thr=1   paramiko.transport: Rejecting "hostkeys-00@openssh.com" global request from server.
DEB [20180315-09:42:31.383] thr=2   paramiko.transport: [chan 0] Max packet in: 32768 bytes
DEB [20180315-09:42:31.392] thr=1   paramiko.transport: [chan 0] Max packet out: 32768 bytes
DEB [20180315-09:42:31.392] thr=1   paramiko.transport: Secsh channel 0 opened.
DEB [20180315-09:42:31.401] thr=1   paramiko.transport: [chan 0] Sesch channel 0 request ok
DEB [20180315-09:42:31.640] thr=1   paramiko.transport: [chan 0] EOF received (0)
DEB [20180315-09:42:31.642] thr=1   paramiko.transport: [chan 0] EOF sent (0)
DEB [20180315-09:43:11.151] thr=2   paramiko.transport: [chan 1] Max packet in: 32768 bytes
DEB [20180315-09:43:11.160] thr=1   paramiko.transport: [chan 1] Max packet out: 32768 bytes
DEB [20180315-09:43:11.160] thr=1   paramiko.transport: Secsh channel 1 opened.
DEB [20180315-09:43:11.168] thr=1   paramiko.transport: [chan 1] Sesch channel 1 request ok
DEB [20180315-09:43:11.183] thr=1   paramiko.transport: [chan 1] EOF received (1)
DEB [20180315-09:43:11.185] thr=1   paramiko.transport: [chan 1] EOF sent (1)
DEB [20180315-09:43:12.544] thr=3   paramiko.transport: starting thread (client mode): 0x5f06c70
DEB [20180315-09:43:12.545] thr=3   paramiko.transport: Local version/idstring: SSH-2.0-paramiko_2.4.0
DEB [20180315-09:43:12.608] thr=3   paramiko.transport: Remote version/idstring: SSH-2.0-OpenSSH_7.4p1 Raspbian-10+deb9u2
INF [20180315-09:43:12.608] thr=3   paramiko.transport: Connected (version 2.0, client OpenSSH_7.4p1)
DEB [20180315-09:43:12.614] thr=3   paramiko.transport: kex algos:['curve25519-sha256', 'curve25519-sha256@libssh.org', 'ecdh-sha2-nistp256', 'ecdh-sha2-nistp384', 'ecdh-sha2-nistp521', 'diffie-hellman-group-exchange-sha256', 'diffie-hellman-group16-sha512', 'diffie-hellman-group18-sha512', 'diffie-hellman-group14-sha256', 'diffie-hellman-group14-sha1'] server key:['ssh-rsa', 'rsa-sha2-512', 'rsa-sha2-256', 'ecdsa-sha2-nistp256', 'ssh-ed25519'] client encrypt:['chacha20-poly1305@openssh.com', 'aes128-ctr', 'aes192-ctr', 'aes256-ctr', 'aes128-gcm@openssh.com', 'aes256-gcm@openssh.com'] server encrypt:['chacha20-poly1305@openssh.com', 'aes128-ctr', 'aes192-ctr', 'aes256-ctr', 'aes128-gcm@openssh.com', 'aes256-gcm@openssh.com'] client mac:['umac-64-etm@openssh.com', 'umac-128-etm@openssh.com', 'hmac-sha2-256-etm@openssh.com', 'hmac-sha2-512-etm@openssh.com', 'hmac-sha1-etm@openssh.com', 'umac-64@openssh.com', 'umac-128@openssh.com', 'hmac-sha2-256', 'hmac-sha2-512', 'hmac-sha1'] server mac:['umac-64-etm@openssh.com', 'umac-128-etm@openssh.com', 'hmac-sha2-256-etm@openssh.com', 'hmac-sha2-512-etm@openssh.com', 'hmac-sha1-etm@openssh.com', 'umac-64@openssh.com', 'umac-128@openssh.com', 'hmac-sha2-256', 'hmac-sha2-512', 'hmac-sha1'] client compress:['none', 'zlib@openssh.com'] server compress:['none', 'zlib@openssh.com'] client lang:[''] server lang:[''] kex follows?False
DEB [20180315-09:43:12.614] thr=3   paramiko.transport: Kex agreed: ecdh-sha2-nistp256
DEB [20180315-09:43:12.615] thr=3   paramiko.transport: HostKey agreed: ssh-ed25519
DEB [20180315-09:43:12.615] thr=3   paramiko.transport: Cipher agreed: aes128-ctr
DEB [20180315-09:43:12.615] thr=3   paramiko.transport: MAC agreed: hmac-sha2-256
DEB [20180315-09:43:12.616] thr=3   paramiko.transport: Compression agreed: none
DEB [20180315-09:43:12.669] thr=3   paramiko.transport: kex engine KexNistp256 specified hash_algo <built-in function openssl_sha256>
DEB [20180315-09:43:12.670] thr=3   paramiko.transport: Switch to new keys ...
DEB [20180315-09:43:12.671] thr=2   paramiko.transport: Attempting password auth...
DEB [20180315-09:43:12.730] thr=3   paramiko.transport: userauth is OK
INF [20180315-09:43:12.845] thr=3   paramiko.transport: Authentication (password) successful!
DEB [20180315-09:43:12.846] thr=2   paramiko.transport: [chan 0] Max packet in: 32768 bytes
DEB [20180315-09:43:12.935] thr=3   paramiko.transport: Received global request "hostkeys-00@openssh.com"
DEB [20180315-09:43:12.936] thr=3   paramiko.transport: Rejecting "hostkeys-00@openssh.com" global request from server.
DEB [20180315-09:43:12.982] thr=3   paramiko.transport: [chan 0] Max packet out: 32768 bytes
DEB [20180315-09:43:12.983] thr=3   paramiko.transport: Secsh channel 0 opened.
DEB [20180315-09:43:12.990] thr=3   paramiko.transport: [chan 0] Sesch channel 0 request ok
INF [20180315-09:43:12.998] thr=2   paramiko.transport.sftp: [chan 0] Opened sftp connection (server version 3)
DEB [20180315-09:43:13.000] thr=2   paramiko.transport.sftp: [chan 0] stat(b'/home/pi/Github/DataLogger/RPI/voltage.csv')
DEB [20180315-09:43:13.005] thr=2   paramiko.transport.sftp: [chan 0] open(b'/home/pi/Github/DataLogger/RPI/voltage.csv', 'rb')
DEB [20180315-09:43:13.011] thr=2   paramiko.transport.sftp: [chan 0] open(b'/home/pi/Github/DataLogger/RPI/voltage.csv', 'rb') -> 00000000
DEB [20180315-09:43:13.031] thr=2   paramiko.transport.sftp: [chan 0] close(00000000)
INF [20180315-09:43:13.037] thr=2   paramiko.transport.sftp: [chan 0] sftp session closed.
DEB [20180315-09:43:13.038] thr=2   paramiko.transport: [chan 0] EOF sent (0)
DEB [20180315-09:43:13.040] thr=3   paramiko.transport: EOF in transport thread
DEB [20180315-09:43:13.041] thr=1   paramiko.transport: EOF in transport thread
DEB [20180315-09:46:23.785] thr=1   paramiko.transport: starting thread (client mode): 0x55129b0
DEB [20180315-09:46:23.787] thr=1   paramiko.transport: Local version/idstring: SSH-2.0-paramiko_2.4.0
DEB [20180315-09:46:23.843] thr=1   paramiko.transport: Remote version/idstring: SSH-2.0-OpenSSH_7.4p1 Raspbian-10+deb9u2
INF [20180315-09:46:23.844] thr=1   paramiko.transport: Connected (version 2.0, client OpenSSH_7.4p1)
DEB [20180315-09:46:23.857] thr=1   paramiko.transport: kex algos:['curve25519-sha256', 'curve25519-sha256@libssh.org', 'ecdh-sha2-nistp256', 'ecdh-sha2-nistp384', 'ecdh-sha2-nistp521', 'diffie-hellman-group-exchange-sha256', 'diffie-hellman-group16-sha512', 'diffie-hellman-group18-sha512', 'diffie-hellman-group14-sha256', 'diffie-hellman-group14-sha1'] server key:['ssh-rsa', 'rsa-sha2-512', 'rsa-sha2-256', 'ecdsa-sha2-nistp256', 'ssh-ed25519'] client encrypt:['chacha20-poly1305@openssh.com', 'aes128-ctr', 'aes192-ctr', 'aes256-ctr', 'aes128-gcm@openssh.com', 'aes256-gcm@openssh.com'] server encrypt:['chacha20-poly1305@openssh.com', 'aes128-ctr', 'aes192-ctr', 'aes256-ctr', 'aes128-gcm@openssh.com', 'aes256-gcm@openssh.com'] client mac:['umac-64-etm@openssh.com', 'umac-128-etm@openssh.com', 'hmac-sha2-256-etm@openssh.com', 'hmac-sha2-512-etm@openssh.com', 'hmac-sha1-etm@openssh.com', 'umac-64@openssh.com', 'umac-128@openssh.com', 'hmac-sha2-256', 'hmac-sha2-512', 'hmac-sha1'] server mac:['umac-64-etm@openssh.com', 'umac-128-etm@openssh.com', 'hmac-sha2-256-etm@openssh.com', 'hmac-sha2-512-etm@openssh.com', 'hmac-sha1-etm@openssh.com', 'umac-64@openssh.com', 'umac-128@openssh.com', 'hmac-sha2-256', 'hmac-sha2-512', 'hmac-sha1'] client compress:['none', 'zlib@openssh.com'] server compress:['none', 'zlib@openssh.com'] client lang:[''] server lang:[''] kex follows?False
DEB [20180315-09:46:23.858] thr=1   paramiko.transport: Kex agreed: ecdh-sha2-nistp256
DEB [20180315-09:46:23.858] thr=1   paramiko.transport: HostKey agreed: ssh-ed25519
DEB [20180315-09:46:23.859] thr=1   paramiko.transport: Cipher agreed: aes128-ctr
DEB [20180315-09:46:23.859] thr=1   paramiko.transport: MAC agreed: hmac-sha2-256
DEB [20180315-09:46:23.860] thr=1   paramiko.transport: Compression agreed: none
DEB [20180315-09:46:24.071] thr=1   paramiko.transport: kex engine KexNistp256 specified hash_algo <built-in function openssl_sha256>
DEB [20180315-09:46:24.072] thr=1   paramiko.transport: Switch to new keys ...
DEB [20180315-09:46:24.073] thr=2   paramiko.transport: Adding ssh-ed25519 host key for raspberrypi: b'bfdc208c75fbce6bcfed0d9574b96f54'
DEB [20180315-09:46:24.126] thr=1   paramiko.transport: userauth is OK
INF [20180315-09:46:24.278] thr=1   paramiko.transport: Authentication (password) successful!
DEB [20180315-09:46:24.365] thr=1   paramiko.transport: Received global request "hostkeys-00@openssh.com"
DEB [20180315-09:46:24.366] thr=1   paramiko.transport: Rejecting "hostkeys-00@openssh.com" global request from server.
DEB [20180315-09:46:25.142] thr=2   paramiko.transport: [chan 0] Max packet in: 32768 bytes
DEB [20180315-09:46:25.147] thr=1   paramiko.transport: [chan 0] Max packet out: 32768 bytes
DEB [20180315-09:46:25.147] thr=1   paramiko.transport: Secsh channel 0 opened.
DEB [20180315-09:46:25.154] thr=1   paramiko.transport: [chan 0] Sesch channel 0 request ok
DEB [20180315-09:47:50.754] thr=1   paramiko.transport: starting thread (client mode): 0x5ae29b0
DEB [20180315-09:47:50.755] thr=1   paramiko.transport: Local version/idstring: SSH-2.0-paramiko_2.4.0
DEB [20180315-09:47:50.814] thr=1   paramiko.transport: Remote version/idstring: SSH-2.0-OpenSSH_7.4p1 Raspbian-10+deb9u2
INF [20180315-09:47:50.815] thr=1   paramiko.transport: Connected (version 2.0, client OpenSSH_7.4p1)
DEB [20180315-09:47:50.825] thr=1   paramiko.transport: kex algos:['curve25519-sha256', 'curve25519-sha256@libssh.org', 'ecdh-sha2-nistp256', 'ecdh-sha2-nistp384', 'ecdh-sha2-nistp521', 'diffie-hellman-group-exchange-sha256', 'diffie-hellman-group16-sha512', 'diffie-hellman-group18-sha512', 'diffie-hellman-group14-sha256', 'diffie-hellman-group14-sha1'] server key:['ssh-rsa', 'rsa-sha2-512', 'rsa-sha2-256', 'ecdsa-sha2-nistp256', 'ssh-ed25519'] client encrypt:['chacha20-poly1305@openssh.com', 'aes128-ctr', 'aes192-ctr', 'aes256-ctr', 'aes128-gcm@openssh.com', 'aes256-gcm@openssh.com'] server encrypt:['chacha20-poly1305@openssh.com', 'aes128-ctr', 'aes192-ctr', 'aes256-ctr', 'aes128-gcm@openssh.com', 'aes256-gcm@openssh.com'] client mac:['umac-64-etm@openssh.com', 'umac-128-etm@openssh.com', 'hmac-sha2-256-etm@openssh.com', 'hmac-sha2-512-etm@openssh.com', 'hmac-sha1-etm@openssh.com', 'umac-64@openssh.com', 'umac-128@openssh.com', 'hmac-sha2-256', 'hmac-sha2-512', 'hmac-sha1'] server mac:['umac-64-etm@openssh.com', 'umac-128-etm@openssh.com', 'hmac-sha2-256-etm@openssh.com', 'hmac-sha2-512-etm@openssh.com', 'hmac-sha1-etm@openssh.com', 'umac-64@openssh.com', 'umac-128@openssh.com', 'hmac-sha2-256', 'hmac-sha2-512', 'hmac-sha1'] client compress:['none', 'zlib@openssh.com'] server compress:['none', 'zlib@openssh.com'] client lang:[''] server lang:[''] kex follows?False
DEB [20180315-09:47:50.826] thr=1   paramiko.transport: Kex agreed: ecdh-sha2-nistp256
DEB [20180315-09:47:50.827] thr=1   paramiko.transport: HostKey agreed: ssh-ed25519
DEB [20180315-09:47:50.828] thr=1   paramiko.transport: Cipher agreed: aes128-ctr
DEB [20180315-09:47:50.828] thr=1   paramiko.transport: MAC agreed: hmac-sha2-256
DEB [20180315-09:47:50.829] thr=1   paramiko.transport: Compression agreed: none
DEB [20180315-09:47:51.026] thr=1   paramiko.transport: kex engine KexNistp256 specified hash_algo <built-in function openssl_sha256>
DEB [20180315-09:47:51.026] thr=1   paramiko.transport: Switch to new keys ...
DEB [20180315-09:47:51.027] thr=2   paramiko.transport: Adding ssh-ed25519 host key for raspberrypi: b'bfdc208c75fbce6bcfed0d9574b96f54'
DEB [20180315-09:47:51.076] thr=1   paramiko.transport: userauth is OK
INF [20180315-09:47:51.192] thr=1   paramiko.transport: Authentication (password) successful!
DEB [20180315-09:47:51.280] thr=1   paramiko.transport: Received global request "hostkeys-00@openssh.com"
DEB [20180315-09:47:51.280] thr=1   paramiko.transport: Rejecting "hostkeys-00@openssh.com" global request from server.
DEB [20180315-09:47:52.351] thr=2   paramiko.transport: [chan 0] Max packet in: 32768 bytes
DEB [20180315-09:47:52.360] thr=1   paramiko.transport: [chan 0] Max packet out: 32768 bytes
DEB [20180315-09:47:52.360] thr=1   paramiko.transport: Secsh channel 0 opened.
DEB [20180315-09:47:52.372] thr=1   paramiko.transport: [chan 0] Sesch channel 0 request ok
DEB [20180315-09:48:12.005] thr=1   paramiko.transport: starting thread (client mode): 0x5b429b0
DEB [20180315-09:48:12.006] thr=1   paramiko.transport: Local version/idstring: SSH-2.0-paramiko_2.4.0
DEB [20180315-09:48:12.064] thr=1   paramiko.transport: Remote version/idstring: SSH-2.0-OpenSSH_7.4p1 Raspbian-10+deb9u2
INF [20180315-09:48:12.065] thr=1   paramiko.transport: Connected (version 2.0, client OpenSSH_7.4p1)
DEB [20180315-09:48:12.072] thr=1   paramiko.transport: kex algos:['curve25519-sha256', 'curve25519-sha256@libssh.org', 'ecdh-sha2-nistp256', 'ecdh-sha2-nistp384', 'ecdh-sha2-nistp521', 'diffie-hellman-group-exchange-sha256', 'diffie-hellman-group16-sha512', 'diffie-hellman-group18-sha512', 'diffie-hellman-group14-sha256', 'diffie-hellman-group14-sha1'] server key:['ssh-rsa', 'rsa-sha2-512', 'rsa-sha2-256', 'ecdsa-sha2-nistp256', 'ssh-ed25519'] client encrypt:['chacha20-poly1305@openssh.com', 'aes128-ctr', 'aes192-ctr', 'aes256-ctr', 'aes128-gcm@openssh.com', 'aes256-gcm@openssh.com'] server encrypt:['chacha20-poly1305@openssh.com', 'aes128-ctr', 'aes192-ctr', 'aes256-ctr', 'aes128-gcm@openssh.com', 'aes256-gcm@openssh.com'] client mac:['umac-64-etm@openssh.com', 'umac-128-etm@openssh.com', 'hmac-sha2-256-etm@openssh.com', 'hmac-sha2-512-etm@openssh.com', 'hmac-sha1-etm@openssh.com', 'umac-64@openssh.com', 'umac-128@openssh.com', 'hmac-sha2-256', 'hmac-sha2-512', 'hmac-sha1'] server mac:['umac-64-etm@openssh.com', 'umac-128-etm@openssh.com', 'hmac-sha2-256-etm@openssh.com', 'hmac-sha2-512-etm@openssh.com', 'hmac-sha1-etm@openssh.com', 'umac-64@openssh.com', 'umac-128@openssh.com', 'hmac-sha2-256', 'hmac-sha2-512', 'hmac-sha1'] client compress:['none', 'zlib@openssh.com'] server compress:['none', 'zlib@openssh.com'] client lang:[''] server lang:[''] kex follows?False
DEB [20180315-09:48:12.073] thr=1   paramiko.transport: Kex agreed: ecdh-sha2-nistp256
DEB [20180315-09:48:12.073] thr=1   paramiko.transport: HostKey agreed: ssh-ed25519
DEB [20180315-09:48:12.073] thr=1   paramiko.transport: Cipher agreed: aes128-ctr
DEB [20180315-09:48:12.074] thr=1   paramiko.transport: MAC agreed: hmac-sha2-256
DEB [20180315-09:48:12.074] thr=1   paramiko.transport: Compression agreed: none
DEB [20180315-09:48:12.237] thr=1   paramiko.transport: kex engine KexNistp256 specified hash_algo <built-in function openssl_sha256>
DEB [20180315-09:48:12.238] thr=1   paramiko.transport: Switch to new keys ...
DEB [20180315-09:48:12.238] thr=2   paramiko.transport: Adding ssh-ed25519 host key for raspberrypi: b'bfdc208c75fbce6bcfed0d9574b96f54'
DEB [20180315-09:48:12.303] thr=1   paramiko.transport: userauth is OK
INF [20180315-09:48:12.418] thr=1   paramiko.transport: Authentication (password) successful!
DEB [20180315-09:48:12.510] thr=1   paramiko.transport: Received global request "hostkeys-00@openssh.com"
DEB [20180315-09:48:12.510] thr=1   paramiko.transport: Rejecting "hostkeys-00@openssh.com" global request from server.
DEB [20180315-09:48:14.534] thr=2   paramiko.transport: [chan 0] Max packet in: 32768 bytes
DEB [20180315-09:48:14.542] thr=1   paramiko.transport: [chan 0] Max packet out: 32768 bytes
DEB [20180315-09:48:14.543] thr=1   paramiko.transport: Secsh channel 0 opened.
DEB [20180315-09:48:14.550] thr=1   paramiko.transport: [chan 0] Sesch channel 0 request ok
DEB [20180315-09:48:19.582] thr=2   paramiko.transport: [chan 1] Max packet in: 32768 bytes
DEB [20180315-09:48:19.596] thr=1   paramiko.transport: [chan 1] Max packet out: 32768 bytes
DEB [20180315-09:48:19.596] thr=1   paramiko.transport: Secsh channel 1 opened.
DEB [20180315-09:48:19.605] thr=1   paramiko.transport: [chan 1] Sesch channel 1 request ok
DEB [20180315-09:48:19.605] thr=2   paramiko.transport: [chan 0] EOF sent (0)
DEB [20180315-09:48:19.621] thr=1   paramiko.transport: [chan 1] EOF received (1)
DEB [20180315-09:48:19.622] thr=1   paramiko.transport: [chan 1] EOF sent (1)
DEB [20180315-09:48:21.606] thr=3   paramiko.transport: starting thread (client mode): 0x5dc6a50
DEB [20180315-09:48:21.607] thr=3   paramiko.transport: Local version/idstring: SSH-2.0-paramiko_2.4.0
DEB [20180315-09:48:21.668] thr=3   paramiko.transport: Remote version/idstring: SSH-2.0-OpenSSH_7.4p1 Raspbian-10+deb9u2
INF [20180315-09:48:21.669] thr=3   paramiko.transport: Connected (version 2.0, client OpenSSH_7.4p1)
DEB [20180315-09:48:21.676] thr=3   paramiko.transport: kex algos:['curve25519-sha256', 'curve25519-sha256@libssh.org', 'ecdh-sha2-nistp256', 'ecdh-sha2-nistp384', 'ecdh-sha2-nistp521', 'diffie-hellman-group-exchange-sha256', 'diffie-hellman-group16-sha512', 'diffie-hellman-group18-sha512', 'diffie-hellman-group14-sha256', 'diffie-hellman-group14-sha1'] server key:['ssh-rsa', 'rsa-sha2-512', 'rsa-sha2-256', 'ecdsa-sha2-nistp256', 'ssh-ed25519'] client encrypt:['chacha20-poly1305@openssh.com', 'aes128-ctr', 'aes192-ctr', 'aes256-ctr', 'aes128-gcm@openssh.com', 'aes256-gcm@openssh.com'] server encrypt:['chacha20-poly1305@openssh.com', 'aes128-ctr', 'aes192-ctr', 'aes256-ctr', 'aes128-gcm@openssh.com', 'aes256-gcm@openssh.com'] client mac:['umac-64-etm@openssh.com', 'umac-128-etm@openssh.com', 'hmac-sha2-256-etm@openssh.com', 'hmac-sha2-512-etm@openssh.com', 'hmac-sha1-etm@openssh.com', 'umac-64@openssh.com', 'umac-128@openssh.com', 'hmac-sha2-256', 'hmac-sha2-512', 'hmac-sha1'] server mac:['umac-64-etm@openssh.com', 'umac-128-etm@openssh.com', 'hmac-sha2-256-etm@openssh.com', 'hmac-sha2-512-etm@openssh.com', 'hmac-sha1-etm@openssh.com', 'umac-64@openssh.com', 'umac-128@openssh.com', 'hmac-sha2-256', 'hmac-sha2-512', 'hmac-sha1'] client compress:['none', 'zlib@openssh.com'] server compress:['none', 'zlib@openssh.com'] client lang:[''] server lang:[''] kex follows?False
DEB [20180315-09:48:21.677] thr=3   paramiko.transport: Kex agreed: ecdh-sha2-nistp256
DEB [20180315-09:48:21.677] thr=3   paramiko.transport: HostKey agreed: ssh-ed25519
DEB [20180315-09:48:21.678] thr=3   paramiko.transport: Cipher agreed: aes128-ctr
DEB [20180315-09:48:21.678] thr=3   paramiko.transport: MAC agreed: hmac-sha2-256
DEB [20180315-09:48:21.678] thr=3   paramiko.transport: Compression agreed: none
DEB [20180315-09:48:21.708] thr=3   paramiko.transport: kex engine KexNistp256 specified hash_algo <built-in function openssl_sha256>
DEB [20180315-09:48:21.709] thr=3   paramiko.transport: Switch to new keys ...
DEB [20180315-09:48:21.710] thr=2   paramiko.transport: Attempting password auth...
DEB [20180315-09:48:21.767] thr=3   paramiko.transport: userauth is OK
INF [20180315-09:48:21.885] thr=3   paramiko.transport: Authentication (password) successful!
DEB [20180315-09:48:21.886] thr=2   paramiko.transport: [chan 0] Max packet in: 32768 bytes
DEB [20180315-09:48:21.980] thr=3   paramiko.transport: Received global request "hostkeys-00@openssh.com"
DEB [20180315-09:48:21.981] thr=3   paramiko.transport: Rejecting "hostkeys-00@openssh.com" global request from server.
DEB [20180315-09:48:22.027] thr=3   paramiko.transport: [chan 0] Max packet out: 32768 bytes
DEB [20180315-09:48:22.028] thr=3   paramiko.transport: Secsh channel 0 opened.
DEB [20180315-09:48:22.034] thr=3   paramiko.transport: [chan 0] Sesch channel 0 request ok
INF [20180315-09:48:22.043] thr=2   paramiko.transport.sftp: [chan 0] Opened sftp connection (server version 3)
DEB [20180315-09:48:22.045] thr=2   paramiko.transport.sftp: [chan 0] stat(b'/home/pi/Github/DataLogger/RPI/voltage.csv')
DEB [20180315-09:48:22.053] thr=2   paramiko.transport.sftp: [chan 0] open(b'/home/pi/Github/DataLogger/RPI/voltage.csv', 'rb')
DEB [20180315-09:48:22.058] thr=2   paramiko.transport.sftp: [chan 0] open(b'/home/pi/Github/DataLogger/RPI/voltage.csv', 'rb') -> 00000000
DEB [20180315-09:48:22.081] thr=2   paramiko.transport.sftp: [chan 0] close(00000000)
INF [20180315-09:48:22.087] thr=2   paramiko.transport.sftp: [chan 0] sftp session closed.
DEB [20180315-09:48:22.088] thr=2   paramiko.transport: [chan 0] EOF sent (0)
DEB [20180315-09:48:22.089] thr=3   paramiko.transport: EOF in transport thread
DEB [20180315-09:48:22.090] thr=1   paramiko.transport: EOF in transport thread
DEB [20180315-09:58:37.839] thr=1   paramiko.transport: starting thread (client mode): 0x59a29b0
DEB [20180315-09:58:37.843] thr=1   paramiko.transport: Local version/idstring: SSH-2.0-paramiko_2.4.0
DEB [20180315-09:58:37.898] thr=1   paramiko.transport: Remote version/idstring: SSH-2.0-OpenSSH_7.4p1 Raspbian-10+deb9u2
INF [20180315-09:58:37.898] thr=1   paramiko.transport: Connected (version 2.0, client OpenSSH_7.4p1)
DEB [20180315-09:58:37.905] thr=1   paramiko.transport: kex algos:['curve25519-sha256', 'curve25519-sha256@libssh.org', 'ecdh-sha2-nistp256', 'ecdh-sha2-nistp384', 'ecdh-sha2-nistp521', 'diffie-hellman-group-exchange-sha256', 'diffie-hellman-group16-sha512', 'diffie-hellman-group18-sha512', 'diffie-hellman-group14-sha256', 'diffie-hellman-group14-sha1'] server key:['ssh-rsa', 'rsa-sha2-512', 'rsa-sha2-256', 'ecdsa-sha2-nistp256', 'ssh-ed25519'] client encrypt:['chacha20-poly1305@openssh.com', 'aes128-ctr', 'aes192-ctr', 'aes256-ctr', 'aes128-gcm@openssh.com', 'aes256-gcm@openssh.com'] server encrypt:['chacha20-poly1305@openssh.com', 'aes128-ctr', 'aes192-ctr', 'aes256-ctr', 'aes128-gcm@openssh.com', 'aes256-gcm@openssh.com'] client mac:['umac-64-etm@openssh.com', 'umac-128-etm@openssh.com', 'hmac-sha2-256-etm@openssh.com', 'hmac-sha2-512-etm@openssh.com', 'hmac-sha1-etm@openssh.com', 'umac-64@openssh.com', 'umac-128@openssh.com', 'hmac-sha2-256', 'hmac-sha2-512', 'hmac-sha1'] server mac:['umac-64-etm@openssh.com', 'umac-128-etm@openssh.com', 'hmac-sha2-256-etm@openssh.com', 'hmac-sha2-512-etm@openssh.com', 'hmac-sha1-etm@openssh.com', 'umac-64@openssh.com', 'umac-128@openssh.com', 'hmac-sha2-256', 'hmac-sha2-512', 'hmac-sha1'] client compress:['none', 'zlib@openssh.com'] server compress:['none', 'zlib@openssh.com'] client lang:[''] server lang:[''] kex follows?False
DEB [20180315-09:58:37.905] thr=1   paramiko.transport: Kex agreed: ecdh-sha2-nistp256
DEB [20180315-09:58:37.906] thr=1   paramiko.transport: HostKey agreed: ssh-ed25519
DEB [20180315-09:58:37.906] thr=1   paramiko.transport: Cipher agreed: aes128-ctr
DEB [20180315-09:58:37.906] thr=1   paramiko.transport: MAC agreed: hmac-sha2-256
DEB [20180315-09:58:37.906] thr=1   paramiko.transport: Compression agreed: none
DEB [20180315-09:58:38.045] thr=1   paramiko.transport: kex engine KexNistp256 specified hash_algo <built-in function openssl_sha256>
DEB [20180315-09:58:38.046] thr=1   paramiko.transport: Switch to new keys ...
DEB [20180315-09:58:38.046] thr=2   paramiko.transport: Adding ssh-ed25519 host key for raspberrypi: b'bfdc208c75fbce6bcfed0d9574b96f54'
DEB [20180315-09:58:38.101] thr=1   paramiko.transport: userauth is OK
INF [20180315-09:58:38.254] thr=1   paramiko.transport: Authentication (password) successful!
DEB [20180315-09:58:38.344] thr=1   paramiko.transport: Received global request "hostkeys-00@openssh.com"
DEB [20180315-09:58:38.344] thr=1   paramiko.transport: Rejecting "hostkeys-00@openssh.com" global request from server.
DEB [20180315-09:58:40.735] thr=2   paramiko.transport: [chan 0] Max packet in: 32768 bytes
DEB [20180315-09:58:40.745] thr=1   paramiko.transport: [chan 0] Max packet out: 32768 bytes
DEB [20180315-09:58:40.745] thr=1   paramiko.transport: Secsh channel 0 opened.
DEB [20180315-09:58:40.755] thr=1   paramiko.transport: [chan 0] Sesch channel 0 request ok
DEB [20180315-10:00:26.567] thr=1   paramiko.transport: starting thread (client mode): 0x57629b0
DEB [20180315-10:00:26.568] thr=1   paramiko.transport: Local version/idstring: SSH-2.0-paramiko_2.4.0
DEB [20180315-10:00:26.627] thr=1   paramiko.transport: Remote version/idstring: SSH-2.0-OpenSSH_7.4p1 Raspbian-10+deb9u2
INF [20180315-10:00:26.627] thr=1   paramiko.transport: Connected (version 2.0, client OpenSSH_7.4p1)
DEB [20180315-10:00:26.637] thr=1   paramiko.transport: kex algos:['curve25519-sha256', 'curve25519-sha256@libssh.org', 'ecdh-sha2-nistp256', 'ecdh-sha2-nistp384', 'ecdh-sha2-nistp521', 'diffie-hellman-group-exchange-sha256', 'diffie-hellman-group16-sha512', 'diffie-hellman-group18-sha512', 'diffie-hellman-group14-sha256', 'diffie-hellman-group14-sha1'] server key:['ssh-rsa', 'rsa-sha2-512', 'rsa-sha2-256', 'ecdsa-sha2-nistp256', 'ssh-ed25519'] client encrypt:['chacha20-poly1305@openssh.com', 'aes128-ctr', 'aes192-ctr', 'aes256-ctr', 'aes128-gcm@openssh.com', 'aes256-gcm@openssh.com'] server encrypt:['chacha20-poly1305@openssh.com', 'aes128-ctr', 'aes192-ctr', 'aes256-ctr', 'aes128-gcm@openssh.com', 'aes256-gcm@openssh.com'] client mac:['umac-64-etm@openssh.com', 'umac-128-etm@openssh.com', 'hmac-sha2-256-etm@openssh.com', 'hmac-sha2-512-etm@openssh.com', 'hmac-sha1-etm@openssh.com', 'umac-64@openssh.com', 'umac-128@openssh.com', 'hmac-sha2-256', 'hmac-sha2-512', 'hmac-sha1'] server mac:['umac-64-etm@openssh.com', 'umac-128-etm@openssh.com', 'hmac-sha2-256-etm@openssh.com', 'hmac-sha2-512-etm@openssh.com', 'hmac-sha1-etm@openssh.com', 'umac-64@openssh.com', 'umac-128@openssh.com', 'hmac-sha2-256', 'hmac-sha2-512', 'hmac-sha1'] client compress:['none', 'zlib@openssh.com'] server compress:['none', 'zlib@openssh.com'] client lang:[''] server lang:[''] kex follows?False
DEB [20180315-10:00:26.637] thr=1   paramiko.transport: Kex agreed: ecdh-sha2-nistp256
DEB [20180315-10:00:26.638] thr=1   paramiko.transport: HostKey agreed: ssh-ed25519
DEB [20180315-10:00:26.638] thr=1   paramiko.transport: Cipher agreed: aes128-ctr
DEB [20180315-10:00:26.638] thr=1   paramiko.transport: MAC agreed: hmac-sha2-256
DEB [20180315-10:00:26.639] thr=1   paramiko.transport: Compression agreed: none
DEB [20180315-10:00:26.769] thr=1   paramiko.transport: kex engine KexNistp256 specified hash_algo <built-in function openssl_sha256>
DEB [20180315-10:00:26.769] thr=1   paramiko.transport: Switch to new keys ...
DEB [20180315-10:00:26.770] thr=2   paramiko.transport: Adding ssh-ed25519 host key for raspberrypi: b'bfdc208c75fbce6bcfed0d9574b96f54'
DEB [20180315-10:00:26.822] thr=1   paramiko.transport: userauth is OK
INF [20180315-10:00:26.940] thr=1   paramiko.transport: Authentication (password) successful!
DEB [20180315-10:00:27.029] thr=1   paramiko.transport: Received global request "hostkeys-00@openssh.com"
DEB [20180315-10:00:27.030] thr=1   paramiko.transport: Rejecting "hostkeys-00@openssh.com" global request from server.
DEB [20180315-10:00:29.806] thr=2   paramiko.transport: [chan 0] Max packet in: 32768 bytes
DEB [20180315-10:00:29.817] thr=1   paramiko.transport: [chan 0] Max packet out: 32768 bytes
DEB [20180315-10:00:29.817] thr=1   paramiko.transport: Secsh channel 0 opened.
DEB [20180315-10:00:29.824] thr=1   paramiko.transport: [chan 0] Sesch channel 0 request ok
DEB [20180315-10:00:29.828] thr=1   paramiko.transport: EOF in transport thread
DEB [20180315-10:00:43.915] thr=1   paramiko.transport: starting thread (client mode): 0x53b29b0
DEB [20180315-10:00:43.916] thr=1   paramiko.transport: Local version/idstring: SSH-2.0-paramiko_2.4.0
DEB [20180315-10:00:43.977] thr=1   paramiko.transport: Remote version/idstring: SSH-2.0-OpenSSH_7.4p1 Raspbian-10+deb9u2
INF [20180315-10:00:43.977] thr=1   paramiko.transport: Connected (version 2.0, client OpenSSH_7.4p1)
DEB [20180315-10:00:43.981] thr=1   paramiko.transport: kex algos:['curve25519-sha256', 'curve25519-sha256@libssh.org', 'ecdh-sha2-nistp256', 'ecdh-sha2-nistp384', 'ecdh-sha2-nistp521', 'diffie-hellman-group-exchange-sha256', 'diffie-hellman-group16-sha512', 'diffie-hellman-group18-sha512', 'diffie-hellman-group14-sha256', 'diffie-hellman-group14-sha1'] server key:['ssh-rsa', 'rsa-sha2-512', 'rsa-sha2-256', 'ecdsa-sha2-nistp256', 'ssh-ed25519'] client encrypt:['chacha20-poly1305@openssh.com', 'aes128-ctr', 'aes192-ctr', 'aes256-ctr', 'aes128-gcm@openssh.com', 'aes256-gcm@openssh.com'] server encrypt:['chacha20-poly1305@openssh.com', 'aes128-ctr', 'aes192-ctr', 'aes256-ctr', 'aes128-gcm@openssh.com', 'aes256-gcm@openssh.com'] client mac:['umac-64-etm@openssh.com', 'umac-128-etm@openssh.com', 'hmac-sha2-256-etm@openssh.com', 'hmac-sha2-512-etm@openssh.com', 'hmac-sha1-etm@openssh.com', 'umac-64@openssh.com', 'umac-128@openssh.com', 'hmac-sha2-256', 'hmac-sha2-512', 'hmac-sha1'] server mac:['umac-64-etm@openssh.com', 'umac-128-etm@openssh.com', 'hmac-sha2-256-etm@openssh.com', 'hmac-sha2-512-etm@openssh.com', 'hmac-sha1-etm@openssh.com', 'umac-64@openssh.com', 'umac-128@openssh.com', 'hmac-sha2-256', 'hmac-sha2-512', 'hmac-sha1'] client compress:['none', 'zlib@openssh.com'] server compress:['none', 'zlib@openssh.com'] client lang:[''] server lang:[''] kex follows?False
DEB [20180315-10:00:43.981] thr=1   paramiko.transport: Kex agreed: ecdh-sha2-nistp256
DEB [20180315-10:00:43.981] thr=1   paramiko.transport: HostKey agreed: ssh-ed25519
DEB [20180315-10:00:43.982] thr=1   paramiko.transport: Cipher agreed: aes128-ctr
DEB [20180315-10:00:43.982] thr=1   paramiko.transport: MAC agreed: hmac-sha2-256
DEB [20180315-10:00:43.982] thr=1   paramiko.transport: Compression agreed: none
DEB [20180315-10:00:44.085] thr=1   paramiko.transport: kex engine KexNistp256 specified hash_algo <built-in function openssl_sha256>
DEB [20180315-10:00:44.086] thr=1   paramiko.transport: Switch to new keys ...
DEB [20180315-10:00:44.087] thr=2   paramiko.transport: Adding ssh-ed25519 host key for raspberrypi: b'bfdc208c75fbce6bcfed0d9574b96f54'
DEB [20180315-10:00:44.142] thr=1   paramiko.transport: userauth is OK
INF [20180315-10:00:44.263] thr=1   paramiko.transport: Authentication (password) successful!
DEB [20180315-10:00:44.352] thr=1   paramiko.transport: Received global request "hostkeys-00@openssh.com"
DEB [20180315-10:00:44.352] thr=1   paramiko.transport: Rejecting "hostkeys-00@openssh.com" global request from server.
DEB [20180315-10:00:46.095] thr=2   paramiko.transport: [chan 0] Max packet in: 32768 bytes
DEB [20180315-10:00:46.103] thr=1   paramiko.transport: [chan 0] Max packet out: 32768 bytes
DEB [20180315-10:00:46.103] thr=1   paramiko.transport: Secsh channel 0 opened.
DEB [20180315-10:00:46.110] thr=1   paramiko.transport: [chan 0] Sesch channel 0 request ok
DEB [20180315-10:01:16.117] thr=2   paramiko.transport: [chan 0] EOF sent (0)
DEB [20180315-10:01:33.423] thr=2   paramiko.transport: [chan 1] Max packet in: 32768 bytes
DEB [20180315-10:01:33.433] thr=1   paramiko.transport: [chan 1] Max packet out: 32768 bytes
DEB [20180315-10:01:33.434] thr=1   paramiko.transport: Secsh channel 1 opened.
DEB [20180315-10:01:33.440] thr=1   paramiko.transport: [chan 1] Sesch channel 1 request ok
DEB [20180315-10:01:33.456] thr=1   paramiko.transport: [chan 1] EOF received (1)
DEB [20180315-10:01:33.457] thr=1   paramiko.transport: [chan 1] EOF sent (1)
DEB [20180315-10:01:46.152] thr=1   paramiko.transport: starting thread (client mode): 0x5ff29b0
DEB [20180315-10:01:46.154] thr=1   paramiko.transport: Local version/idstring: SSH-2.0-paramiko_2.4.0
DEB [20180315-10:01:46.215] thr=1   paramiko.transport: Remote version/idstring: SSH-2.0-OpenSSH_7.4p1 Raspbian-10+deb9u2
INF [20180315-10:01:46.215] thr=1   paramiko.transport: Connected (version 2.0, client OpenSSH_7.4p1)
DEB [20180315-10:01:46.222] thr=1   paramiko.transport: kex algos:['curve25519-sha256', 'curve25519-sha256@libssh.org', 'ecdh-sha2-nistp256', 'ecdh-sha2-nistp384', 'ecdh-sha2-nistp521', 'diffie-hellman-group-exchange-sha256', 'diffie-hellman-group16-sha512', 'diffie-hellman-group18-sha512', 'diffie-hellman-group14-sha256', 'diffie-hellman-group14-sha1'] server key:['ssh-rsa', 'rsa-sha2-512', 'rsa-sha2-256', 'ecdsa-sha2-nistp256', 'ssh-ed25519'] client encrypt:['chacha20-poly1305@openssh.com', 'aes128-ctr', 'aes192-ctr', 'aes256-ctr', 'aes128-gcm@openssh.com', 'aes256-gcm@openssh.com'] server encrypt:['chacha20-poly1305@openssh.com', 'aes128-ctr', 'aes192-ctr', 'aes256-ctr', 'aes128-gcm@openssh.com', 'aes256-gcm@openssh.com'] client mac:['umac-64-etm@openssh.com', 'umac-128-etm@openssh.com', 'hmac-sha2-256-etm@openssh.com', 'hmac-sha2-512-etm@openssh.com', 'hmac-sha1-etm@openssh.com', 'umac-64@openssh.com', 'umac-128@openssh.com', 'hmac-sha2-256', 'hmac-sha2-512', 'hmac-sha1'] server mac:['umac-64-etm@openssh.com', 'umac-128-etm@openssh.com', 'hmac-sha2-256-etm@openssh.com', 'hmac-sha2-512-etm@openssh.com', 'hmac-sha1-etm@openssh.com', 'umac-64@openssh.com', 'umac-128@openssh.com', 'hmac-sha2-256', 'hmac-sha2-512', 'hmac-sha1'] client compress:['none', 'zlib@openssh.com'] server compress:['none', 'zlib@openssh.com'] client lang:[''] server lang:[''] kex follows?False
DEB [20180315-10:01:46.223] thr=1   paramiko.transport: Kex agreed: ecdh-sha2-nistp256
DEB [20180315-10:01:46.224] thr=1   paramiko.transport: HostKey agreed: ssh-ed25519
DEB [20180315-10:01:46.225] thr=1   paramiko.transport: Cipher agreed: aes128-ctr
DEB [20180315-10:01:46.225] thr=1   paramiko.transport: MAC agreed: hmac-sha2-256
DEB [20180315-10:01:46.226] thr=1   paramiko.transport: Compression agreed: none
DEB [20180315-10:01:46.499] thr=1   paramiko.transport: kex engine KexNistp256 specified hash_algo <built-in function openssl_sha256>
DEB [20180315-10:01:46.499] thr=1   paramiko.transport: Switch to new keys ...
DEB [20180315-10:01:46.499] thr=2   paramiko.transport: Adding ssh-ed25519 host key for raspberrypi: b'bfdc208c75fbce6bcfed0d9574b96f54'
DEB [20180315-10:01:46.552] thr=1   paramiko.transport: userauth is OK
INF [20180315-10:01:46.670] thr=1   paramiko.transport: Authentication (password) successful!
DEB [20180315-10:01:46.759] thr=1   paramiko.transport: Received global request "hostkeys-00@openssh.com"
DEB [20180315-10:01:46.760] thr=1   paramiko.transport: Rejecting "hostkeys-00@openssh.com" global request from server.
DEB [20180315-10:01:47.918] thr=2   paramiko.transport: [chan 0] Max packet in: 32768 bytes
DEB [20180315-10:01:47.927] thr=1   paramiko.transport: [chan 0] Max packet out: 32768 bytes
DEB [20180315-10:01:47.928] thr=1   paramiko.transport: Secsh channel 0 opened.
DEB [20180315-10:01:47.937] thr=1   paramiko.transport: [chan 0] Sesch channel 0 request ok
DEB [20180315-10:01:57.699] thr=1   paramiko.transport: starting thread (client mode): 0x54329b0
DEB [20180315-10:01:57.700] thr=1   paramiko.transport: Local version/idstring: SSH-2.0-paramiko_2.4.0
DEB [20180315-10:01:57.758] thr=1   paramiko.transport: Remote version/idstring: SSH-2.0-OpenSSH_7.4p1 Raspbian-10+deb9u2
INF [20180315-10:01:57.759] thr=1   paramiko.transport: Connected (version 2.0, client OpenSSH_7.4p1)
DEB [20180315-10:01:57.853] thr=1   paramiko.transport: kex algos:['curve25519-sha256', 'curve25519-sha256@libssh.org', 'ecdh-sha2-nistp256', 'ecdh-sha2-nistp384', 'ecdh-sha2-nistp521', 'diffie-hellman-group-exchange-sha256', 'diffie-hellman-group16-sha512', 'diffie-hellman-group18-sha512', 'diffie-hellman-group14-sha256', 'diffie-hellman-group14-sha1'] server key:['ssh-rsa', 'rsa-sha2-512', 'rsa-sha2-256', 'ecdsa-sha2-nistp256', 'ssh-ed25519'] client encrypt:['chacha20-poly1305@openssh.com', 'aes128-ctr', 'aes192-ctr', 'aes256-ctr', 'aes128-gcm@openssh.com', 'aes256-gcm@openssh.com'] server encrypt:['chacha20-poly1305@openssh.com', 'aes128-ctr', 'aes192-ctr', 'aes256-ctr', 'aes128-gcm@openssh.com', 'aes256-gcm@openssh.com'] client mac:['umac-64-etm@openssh.com', 'umac-128-etm@openssh.com', 'hmac-sha2-256-etm@openssh.com', 'hmac-sha2-512-etm@openssh.com', 'hmac-sha1-etm@openssh.com', 'umac-64@openssh.com', 'umac-128@openssh.com', 'hmac-sha2-256', 'hmac-sha2-512', 'hmac-sha1'] server mac:['umac-64-etm@openssh.com', 'umac-128-etm@openssh.com', 'hmac-sha2-256-etm@openssh.com', 'hmac-sha2-512-etm@openssh.com', 'hmac-sha1-etm@openssh.com', 'umac-64@openssh.com', 'umac-128@openssh.com', 'hmac-sha2-256', 'hmac-sha2-512', 'hmac-sha1'] client compress:['none', 'zlib@openssh.com'] server compress:['none', 'zlib@openssh.com'] client lang:[''] server lang:[''] kex follows?False
DEB [20180315-10:01:57.854] thr=1   paramiko.transport: Kex agreed: ecdh-sha2-nistp256
DEB [20180315-10:01:57.854] thr=1   paramiko.transport: HostKey agreed: ssh-ed25519
DEB [20180315-10:01:57.855] thr=1   paramiko.transport: Cipher agreed: aes128-ctr
DEB [20180315-10:01:57.855] thr=1   paramiko.transport: MAC agreed: hmac-sha2-256
DEB [20180315-10:01:57.855] thr=1   paramiko.transport: Compression agreed: none
DEB [20180315-10:01:58.032] thr=1   paramiko.transport: kex engine KexNistp256 specified hash_algo <built-in function openssl_sha256>
DEB [20180315-10:01:58.033] thr=1   paramiko.transport: Switch to new keys ...
DEB [20180315-10:01:58.034] thr=2   paramiko.transport: Adding ssh-ed25519 host key for raspberrypi: b'bfdc208c75fbce6bcfed0d9574b96f54'
DEB [20180315-10:01:58.264] thr=1   paramiko.transport: userauth is OK
INF [20180315-10:01:58.413] thr=1   paramiko.transport: Authentication (password) successful!
DEB [20180315-10:01:58.539] thr=1   paramiko.transport: Received global request "hostkeys-00@openssh.com"
DEB [20180315-10:01:58.540] thr=1   paramiko.transport: Rejecting "hostkeys-00@openssh.com" global request from server.
DEB [20180315-10:02:01.113] thr=2   paramiko.transport: [chan 0] Max packet in: 32768 bytes
DEB [20180315-10:02:01.121] thr=1   paramiko.transport: [chan 0] Max packet out: 32768 bytes
DEB [20180315-10:02:01.122] thr=1   paramiko.transport: Secsh channel 0 opened.
DEB [20180315-10:02:01.128] thr=1   paramiko.transport: [chan 0] Sesch channel 0 request ok
DEB [20180315-10:02:06.130] thr=2   paramiko.transport: [chan 0] EOF sent (0)
DEB [20180315-10:02:07.758] thr=2   paramiko.transport: [chan 1] Max packet in: 32768 bytes
DEB [20180315-10:02:07.766] thr=1   paramiko.transport: [chan 1] Max packet out: 32768 bytes
DEB [20180315-10:02:07.767] thr=1   paramiko.transport: Secsh channel 1 opened.
DEB [20180315-10:02:07.776] thr=1   paramiko.transport: [chan 1] Sesch channel 1 request ok
DEB [20180315-10:02:07.791] thr=1   paramiko.transport: [chan 1] EOF received (1)
DEB [20180315-10:02:07.793] thr=1   paramiko.transport: [chan 1] EOF sent (1)
DEB [20180315-10:02:58.987] thr=1   paramiko.transport: starting thread (client mode): 0x56a29b0
DEB [20180315-10:02:58.988] thr=1   paramiko.transport: Local version/idstring: SSH-2.0-paramiko_2.4.0
DEB [20180315-10:02:59.048] thr=1   paramiko.transport: Remote version/idstring: SSH-2.0-OpenSSH_7.4p1 Raspbian-10+deb9u2
INF [20180315-10:02:59.048] thr=1   paramiko.transport: Connected (version 2.0, client OpenSSH_7.4p1)
DEB [20180315-10:02:59.055] thr=1   paramiko.transport: kex algos:['curve25519-sha256', 'curve25519-sha256@libssh.org', 'ecdh-sha2-nistp256', 'ecdh-sha2-nistp384', 'ecdh-sha2-nistp521', 'diffie-hellman-group-exchange-sha256', 'diffie-hellman-group16-sha512', 'diffie-hellman-group18-sha512', 'diffie-hellman-group14-sha256', 'diffie-hellman-group14-sha1'] server key:['ssh-rsa', 'rsa-sha2-512', 'rsa-sha2-256', 'ecdsa-sha2-nistp256', 'ssh-ed25519'] client encrypt:['chacha20-poly1305@openssh.com', 'aes128-ctr', 'aes192-ctr', 'aes256-ctr', 'aes128-gcm@openssh.com', 'aes256-gcm@openssh.com'] server encrypt:['chacha20-poly1305@openssh.com', 'aes128-ctr', 'aes192-ctr', 'aes256-ctr', 'aes128-gcm@openssh.com', 'aes256-gcm@openssh.com'] client mac:['umac-64-etm@openssh.com', 'umac-128-etm@openssh.com', 'hmac-sha2-256-etm@openssh.com', 'hmac-sha2-512-etm@openssh.com', 'hmac-sha1-etm@openssh.com', 'umac-64@openssh.com', 'umac-128@openssh.com', 'hmac-sha2-256', 'hmac-sha2-512', 'hmac-sha1'] server mac:['umac-64-etm@openssh.com', 'umac-128-etm@openssh.com', 'hmac-sha2-256-etm@openssh.com', 'hmac-sha2-512-etm@openssh.com', 'hmac-sha1-etm@openssh.com', 'umac-64@openssh.com', 'umac-128@openssh.com', 'hmac-sha2-256', 'hmac-sha2-512', 'hmac-sha1'] client compress:['none', 'zlib@openssh.com'] server compress:['none', 'zlib@openssh.com'] client lang:[''] server lang:[''] kex follows?False
DEB [20180315-10:02:59.055] thr=1   paramiko.transport: Kex agreed: ecdh-sha2-nistp256
DEB [20180315-10:02:59.056] thr=1   paramiko.transport: HostKey agreed: ssh-ed25519
DEB [20180315-10:02:59.056] thr=1   paramiko.transport: Cipher agreed: aes128-ctr
DEB [20180315-10:02:59.057] thr=1   paramiko.transport: MAC agreed: hmac-sha2-256
DEB [20180315-10:02:59.057] thr=1   paramiko.transport: Compression agreed: none
DEB [20180315-10:02:59.205] thr=1   paramiko.transport: kex engine KexNistp256 specified hash_algo <built-in function openssl_sha256>
DEB [20180315-10:02:59.206] thr=1   paramiko.transport: Switch to new keys ...
DEB [20180315-10:02:59.206] thr=2   paramiko.transport: Adding ssh-ed25519 host key for raspberrypi: b'bfdc208c75fbce6bcfed0d9574b96f54'
DEB [20180315-10:02:59.262] thr=1   paramiko.transport: userauth is OK
INF [20180315-10:02:59.378] thr=1   paramiko.transport: Authentication (password) successful!
DEB [20180315-10:02:59.467] thr=1   paramiko.transport: Received global request "hostkeys-00@openssh.com"
DEB [20180315-10:02:59.467] thr=1   paramiko.transport: Rejecting "hostkeys-00@openssh.com" global request from server.
DEB [20180315-10:03:00.969] thr=2   paramiko.transport: [chan 0] Max packet in: 32768 bytes
DEB [20180315-10:03:00.977] thr=1   paramiko.transport: [chan 0] Max packet out: 32768 bytes
DEB [20180315-10:03:00.977] thr=1   paramiko.transport: Secsh channel 0 opened.
DEB [20180315-10:03:00.987] thr=1   paramiko.transport: [chan 0] Sesch channel 0 request ok
DEB [20180315-10:03:05.989] thr=2   paramiko.transport: [chan 0] EOF sent (0)
DEB [20180315-10:03:07.503] thr=2   paramiko.transport: [chan 1] Max packet in: 32768 bytes
DEB [20180315-10:03:07.512] thr=1   paramiko.transport: [chan 1] Max packet out: 32768 bytes
DEB [20180315-10:03:07.512] thr=1   paramiko.transport: Secsh channel 1 opened.
DEB [20180315-10:03:07.523] thr=1   paramiko.transport: [chan 1] Sesch channel 1 request ok
DEB [20180315-10:03:07.535] thr=1   paramiko.transport: [chan 1] EOF received (1)
DEB [20180315-10:03:07.537] thr=1   paramiko.transport: [chan 1] EOF sent (1)
DEB [20180315-10:03:32.068] thr=3   paramiko.transport: starting thread (client mode): 0x59288b0
DEB [20180315-10:03:32.068] thr=3   paramiko.transport: Local version/idstring: SSH-2.0-paramiko_2.4.0
DEB [20180315-10:03:32.129] thr=3   paramiko.transport: Remote version/idstring: SSH-2.0-OpenSSH_7.4p1 Raspbian-10+deb9u2
INF [20180315-10:03:32.130] thr=3   paramiko.transport: Connected (version 2.0, client OpenSSH_7.4p1)
DEB [20180315-10:03:32.135] thr=3   paramiko.transport: kex algos:['curve25519-sha256', 'curve25519-sha256@libssh.org', 'ecdh-sha2-nistp256', 'ecdh-sha2-nistp384', 'ecdh-sha2-nistp521', 'diffie-hellman-group-exchange-sha256', 'diffie-hellman-group16-sha512', 'diffie-hellman-group18-sha512', 'diffie-hellman-group14-sha256', 'diffie-hellman-group14-sha1'] server key:['ssh-rsa', 'rsa-sha2-512', 'rsa-sha2-256', 'ecdsa-sha2-nistp256', 'ssh-ed25519'] client encrypt:['chacha20-poly1305@openssh.com', 'aes128-ctr', 'aes192-ctr', 'aes256-ctr', 'aes128-gcm@openssh.com', 'aes256-gcm@openssh.com'] server encrypt:['chacha20-poly1305@openssh.com', 'aes128-ctr', 'aes192-ctr', 'aes256-ctr', 'aes128-gcm@openssh.com', 'aes256-gcm@openssh.com'] client mac:['umac-64-etm@openssh.com', 'umac-128-etm@openssh.com', 'hmac-sha2-256-etm@openssh.com', 'hmac-sha2-512-etm@openssh.com', 'hmac-sha1-etm@openssh.com', 'umac-64@openssh.com', 'umac-128@openssh.com', 'hmac-sha2-256', 'hmac-sha2-512', 'hmac-sha1'] server mac:['umac-64-etm@openssh.com', 'umac-128-etm@openssh.com', 'hmac-sha2-256-etm@openssh.com', 'hmac-sha2-512-etm@openssh.com', 'hmac-sha1-etm@openssh.com', 'umac-64@openssh.com', 'umac-128@openssh.com', 'hmac-sha2-256', 'hmac-sha2-512', 'hmac-sha1'] client compress:['none', 'zlib@openssh.com'] server compress:['none', 'zlib@openssh.com'] client lang:[''] server lang:[''] kex follows?False
DEB [20180315-10:03:32.136] thr=3   paramiko.transport: Kex agreed: ecdh-sha2-nistp256
DEB [20180315-10:03:32.136] thr=3   paramiko.transport: HostKey agreed: ssh-ed25519
DEB [20180315-10:03:32.136] thr=3   paramiko.transport: Cipher agreed: aes128-ctr
DEB [20180315-10:03:32.137] thr=3   paramiko.transport: MAC agreed: hmac-sha2-256
DEB [20180315-10:03:32.137] thr=3   paramiko.transport: Compression agreed: none
DEB [20180315-10:03:32.190] thr=3   paramiko.transport: kex engine KexNistp256 specified hash_algo <built-in function openssl_sha256>
DEB [20180315-10:03:32.191] thr=3   paramiko.transport: Switch to new keys ...
DEB [20180315-10:03:32.192] thr=2   paramiko.transport: Attempting password auth...
DEB [20180315-10:03:32.243] thr=3   paramiko.transport: userauth is OK
INF [20180315-10:03:32.396] thr=3   paramiko.transport: Authentication (password) successful!
DEB [20180315-10:03:32.397] thr=2   paramiko.transport: [chan 0] Max packet in: 32768 bytes
DEB [20180315-10:03:32.484] thr=3   paramiko.transport: Received global request "hostkeys-00@openssh.com"
DEB [20180315-10:03:32.485] thr=3   paramiko.transport: Rejecting "hostkeys-00@openssh.com" global request from server.
DEB [20180315-10:03:32.531] thr=3   paramiko.transport: [chan 0] Max packet out: 32768 bytes
DEB [20180315-10:03:32.532] thr=3   paramiko.transport: Secsh channel 0 opened.
DEB [20180315-10:03:32.540] thr=3   paramiko.transport: [chan 0] Sesch channel 0 request ok
INF [20180315-10:03:32.548] thr=2   paramiko.transport.sftp: [chan 0] Opened sftp connection (server version 3)
DEB [20180315-10:03:32.550] thr=2   paramiko.transport.sftp: [chan 0] stat(b'/home/pi/Github/DataLogger/RPI/voltage.csv')
DEB [20180315-10:03:32.555] thr=2   paramiko.transport.sftp: [chan 0] open(b'/home/pi/Github/DataLogger/RPI/voltage.csv', 'rb')
DEB [20180315-10:03:32.560] thr=2   paramiko.transport.sftp: [chan 0] open(b'/home/pi/Github/DataLogger/RPI/voltage.csv', 'rb') -> 00000000
DEB [20180315-10:03:32.848] thr=2   paramiko.transport.sftp: [chan 0] close(00000000)
INF [20180315-10:03:32.854] thr=2   paramiko.transport.sftp: [chan 0] sftp session closed.
DEB [20180315-10:03:32.855] thr=2   paramiko.transport: [chan 0] EOF sent (0)
DEB [20180315-10:03:32.857] thr=3   paramiko.transport: EOF in transport thread
DEB [20180315-10:03:32.858] thr=1   paramiko.transport: EOF in transport thread
DEB [20180315-12:51:01.824] thr=1   paramiko.transport: starting thread (client mode): 0x5e139d0
DEB [20180315-12:51:01.833] thr=1   paramiko.transport: Local version/idstring: SSH-2.0-paramiko_2.4.0
DEB [20180315-12:51:01.886] thr=1   paramiko.transport: Remote version/idstring: SSH-2.0-OpenSSH_7.4p1 Raspbian-10+deb9u2
INF [20180315-12:51:01.886] thr=1   paramiko.transport: Connected (version 2.0, client OpenSSH_7.4p1)
DEB [20180315-12:51:01.898] thr=1   paramiko.transport: kex algos:['curve25519-sha256', 'curve25519-sha256@libssh.org', 'ecdh-sha2-nistp256', 'ecdh-sha2-nistp384', 'ecdh-sha2-nistp521', 'diffie-hellman-group-exchange-sha256', 'diffie-hellman-group16-sha512', 'diffie-hellman-group18-sha512', 'diffie-hellman-group14-sha256', 'diffie-hellman-group14-sha1'] server key:['ssh-rsa', 'rsa-sha2-512', 'rsa-sha2-256', 'ecdsa-sha2-nistp256', 'ssh-ed25519'] client encrypt:['chacha20-poly1305@openssh.com', 'aes128-ctr', 'aes192-ctr', 'aes256-ctr', 'aes128-gcm@openssh.com', 'aes256-gcm@openssh.com'] server encrypt:['chacha20-poly1305@openssh.com', 'aes128-ctr', 'aes192-ctr', 'aes256-ctr', 'aes128-gcm@openssh.com', 'aes256-gcm@openssh.com'] client mac:['umac-64-etm@openssh.com', 'umac-128-etm@openssh.com', 'hmac-sha2-256-etm@openssh.com', 'hmac-sha2-512-etm@openssh.com', 'hmac-sha1-etm@openssh.com', 'umac-64@openssh.com', 'umac-128@openssh.com', 'hmac-sha2-256', 'hmac-sha2-512', 'hmac-sha1'] server mac:['umac-64-etm@openssh.com', 'umac-128-etm@openssh.com', 'hmac-sha2-256-etm@openssh.com', 'hmac-sha2-512-etm@openssh.com', 'hmac-sha1-etm@openssh.com', 'umac-64@openssh.com', 'umac-128@openssh.com', 'hmac-sha2-256', 'hmac-sha2-512', 'hmac-sha1'] client compress:['none', 'zlib@openssh.com'] server compress:['none', 'zlib@openssh.com'] client lang:[''] server lang:[''] kex follows?False
DEB [20180315-12:51:01.899] thr=1   paramiko.transport: Kex agreed: ecdh-sha2-nistp256
DEB [20180315-12:51:01.899] thr=1   paramiko.transport: HostKey agreed: ssh-ed25519
DEB [20180315-12:51:01.900] thr=1   paramiko.transport: Cipher agreed: aes128-ctr
DEB [20180315-12:51:01.900] thr=1   paramiko.transport: MAC agreed: hmac-sha2-256
DEB [20180315-12:51:01.900] thr=1   paramiko.transport: Compression agreed: none
DEB [20180315-12:51:03.192] thr=1   paramiko.transport: kex engine KexNistp256 specified hash_algo <built-in function openssl_sha256>
DEB [20180315-12:51:03.206] thr=1   paramiko.transport: Switch to new keys ...
DEB [20180315-12:51:03.209] thr=2   paramiko.transport: Adding ssh-ed25519 host key for raspberrypi: b'bfdc208c75fbce6bcfed0d9574b96f54'
DEB [20180315-12:51:03.284] thr=1   paramiko.transport: userauth is OK
INF [20180315-12:51:03.484] thr=1   paramiko.transport: Authentication (password) successful!
DEB [20180315-12:51:03.569] thr=1   paramiko.transport: Received global request "hostkeys-00@openssh.com"
DEB [20180315-12:51:03.570] thr=1   paramiko.transport: Rejecting "hostkeys-00@openssh.com" global request from server.
DEB [20180315-12:51:12.347] thr=2   paramiko.transport: [chan 0] Max packet in: 32768 bytes
DEB [20180315-12:51:12.356] thr=1   paramiko.transport: [chan 0] Max packet out: 32768 bytes
DEB [20180315-12:51:12.356] thr=1   paramiko.transport: Secsh channel 0 opened.
DEB [20180315-12:51:12.370] thr=1   paramiko.transport: [chan 0] Sesch channel 0 request ok
DEB [20180315-12:51:12.376] thr=1   paramiko.transport: [chan 0] Sesch channel 0 request ok
DEB [20180315-12:51:17.378] thr=2   paramiko.transport: [chan 0] EOF sent (0)
DEB [20180315-12:51:17.445] thr=1   paramiko.transport: [chan 0] Unhandled channel request "exit-signal"
DEB [20180315-12:51:57.898] thr=2   paramiko.transport: [chan 1] Max packet in: 32768 bytes
DEB [20180315-12:51:57.906] thr=1   paramiko.transport: [chan 1] Max packet out: 32768 bytes
DEB [20180315-12:51:57.907] thr=1   paramiko.transport: Secsh channel 1 opened.
DEB [20180315-12:51:57.918] thr=1   paramiko.transport: [chan 1] Sesch channel 1 request ok
DEB [20180315-12:51:57.925] thr=1   paramiko.transport: [chan 1] Sesch channel 1 request ok
DEB [20180315-12:51:57.942] thr=1   paramiko.transport: [chan 1] EOF received (1)
DEB [20180315-12:51:57.944] thr=1   paramiko.transport: [chan 1] EOF sent (1)
DEB [20180315-12:52:03.469] thr=3   paramiko.transport: starting thread (client mode): 0x6096890
DEB [20180315-12:52:03.470] thr=3   paramiko.transport: Local version/idstring: SSH-2.0-paramiko_2.4.0
DEB [20180315-12:52:03.533] thr=3   paramiko.transport: Remote version/idstring: SSH-2.0-OpenSSH_7.4p1 Raspbian-10+deb9u2
INF [20180315-12:52:03.533] thr=3   paramiko.transport: Connected (version 2.0, client OpenSSH_7.4p1)
DEB [20180315-12:52:03.539] thr=3   paramiko.transport: kex algos:['curve25519-sha256', 'curve25519-sha256@libssh.org', 'ecdh-sha2-nistp256', 'ecdh-sha2-nistp384', 'ecdh-sha2-nistp521', 'diffie-hellman-group-exchange-sha256', 'diffie-hellman-group16-sha512', 'diffie-hellman-group18-sha512', 'diffie-hellman-group14-sha256', 'diffie-hellman-group14-sha1'] server key:['ssh-rsa', 'rsa-sha2-512', 'rsa-sha2-256', 'ecdsa-sha2-nistp256', 'ssh-ed25519'] client encrypt:['chacha20-poly1305@openssh.com', 'aes128-ctr', 'aes192-ctr', 'aes256-ctr', 'aes128-gcm@openssh.com', 'aes256-gcm@openssh.com'] server encrypt:['chacha20-poly1305@openssh.com', 'aes128-ctr', 'aes192-ctr', 'aes256-ctr', 'aes128-gcm@openssh.com', 'aes256-gcm@openssh.com'] client mac:['umac-64-etm@openssh.com', 'umac-128-etm@openssh.com', 'hmac-sha2-256-etm@openssh.com', 'hmac-sha2-512-etm@openssh.com', 'hmac-sha1-etm@openssh.com', 'umac-64@openssh.com', 'umac-128@openssh.com', 'hmac-sha2-256', 'hmac-sha2-512', 'hmac-sha1'] server mac:['umac-64-etm@openssh.com', 'umac-128-etm@openssh.com', 'hmac-sha2-256-etm@openssh.com', 'hmac-sha2-512-etm@openssh.com', 'hmac-sha1-etm@openssh.com', 'umac-64@openssh.com', 'umac-128@openssh.com', 'hmac-sha2-256', 'hmac-sha2-512', 'hmac-sha1'] client compress:['none', 'zlib@openssh.com'] server compress:['none', 'zlib@openssh.com'] client lang:[''] server lang:[''] kex follows?False
DEB [20180315-12:52:03.539] thr=3   paramiko.transport: Kex agreed: ecdh-sha2-nistp256
DEB [20180315-12:52:03.539] thr=3   paramiko.transport: HostKey agreed: ssh-ed25519
DEB [20180315-12:52:03.540] thr=3   paramiko.transport: Cipher agreed: aes128-ctr
DEB [20180315-12:52:03.540] thr=3   paramiko.transport: MAC agreed: hmac-sha2-256
DEB [20180315-12:52:03.540] thr=3   paramiko.transport: Compression agreed: none
DEB [20180315-12:52:03.589] thr=3   paramiko.transport: kex engine KexNistp256 specified hash_algo <built-in function openssl_sha256>
DEB [20180315-12:52:03.590] thr=3   paramiko.transport: Switch to new keys ...
DEB [20180315-12:52:03.591] thr=2   paramiko.transport: Attempting password auth...
DEB [20180315-12:52:03.640] thr=3   paramiko.transport: userauth is OK
INF [20180315-12:52:03.801] thr=3   paramiko.transport: Authentication (password) successful!
DEB [20180315-12:52:03.802] thr=2   paramiko.transport: [chan 0] Max packet in: 32768 bytes
DEB [20180315-12:52:03.892] thr=3   paramiko.transport: Received global request "hostkeys-00@openssh.com"
DEB [20180315-12:52:03.893] thr=3   paramiko.transport: Rejecting "hostkeys-00@openssh.com" global request from server.
DEB [20180315-12:52:03.938] thr=3   paramiko.transport: [chan 0] Max packet out: 32768 bytes
DEB [20180315-12:52:03.938] thr=3   paramiko.transport: Secsh channel 0 opened.
DEB [20180315-12:52:03.945] thr=3   paramiko.transport: [chan 0] Sesch channel 0 request ok
INF [20180315-12:52:03.959] thr=2   paramiko.transport.sftp: [chan 0] Opened sftp connection (server version 3)
DEB [20180315-12:52:03.962] thr=2   paramiko.transport.sftp: [chan 0] stat(b'/home/pi/Github/DataLogger/RPI/voltage.csv')
DEB [20180315-12:52:03.966] thr=2   paramiko.transport.sftp: [chan 0] open(b'/home/pi/Github/DataLogger/RPI/voltage.csv', 'rb')
DEB [20180315-12:52:03.971] thr=2   paramiko.transport.sftp: [chan 0] open(b'/home/pi/Github/DataLogger/RPI/voltage.csv', 'rb') -> 00000000
DEB [20180315-12:52:03.975] thr=2   paramiko.transport.sftp: [chan 0] close(00000000)
INF [20180315-12:52:03.982] thr=2   paramiko.transport.sftp: [chan 0] sftp session closed.
DEB [20180315-12:52:03.983] thr=2   paramiko.transport: [chan 0] EOF sent (0)
DEB [20180315-12:52:03.984] thr=3   paramiko.transport: EOF in transport thread
DEB [20180315-12:52:03.985] thr=1   paramiko.transport: EOF in transport thread
DEB [20180315-13:00:19.922] thr=1   paramiko.transport: starting thread (client mode): 0x56d29b0
DEB [20180315-13:00:19.923] thr=1   paramiko.transport: Local version/idstring: SSH-2.0-paramiko_2.4.0
DEB [20180315-13:00:19.982] thr=1   paramiko.transport: Remote version/idstring: SSH-2.0-OpenSSH_7.4p1 Raspbian-10+deb9u2
INF [20180315-13:00:19.983] thr=1   paramiko.transport: Connected (version 2.0, client OpenSSH_7.4p1)
DEB [20180315-13:00:19.991] thr=1   paramiko.transport: kex algos:['curve25519-sha256', 'curve25519-sha256@libssh.org', 'ecdh-sha2-nistp256', 'ecdh-sha2-nistp384', 'ecdh-sha2-nistp521', 'diffie-hellman-group-exchange-sha256', 'diffie-hellman-group16-sha512', 'diffie-hellman-group18-sha512', 'diffie-hellman-group14-sha256', 'diffie-hellman-group14-sha1'] server key:['ssh-rsa', 'rsa-sha2-512', 'rsa-sha2-256', 'ecdsa-sha2-nistp256', 'ssh-ed25519'] client encrypt:['chacha20-poly1305@openssh.com', 'aes128-ctr', 'aes192-ctr', 'aes256-ctr', 'aes128-gcm@openssh.com', 'aes256-gcm@openssh.com'] server encrypt:['chacha20-poly1305@openssh.com', 'aes128-ctr', 'aes192-ctr', 'aes256-ctr', 'aes128-gcm@openssh.com', 'aes256-gcm@openssh.com'] client mac:['umac-64-etm@openssh.com', 'umac-128-etm@openssh.com', 'hmac-sha2-256-etm@openssh.com', 'hmac-sha2-512-etm@openssh.com', 'hmac-sha1-etm@openssh.com', 'umac-64@openssh.com', 'umac-128@openssh.com', 'hmac-sha2-256', 'hmac-sha2-512', 'hmac-sha1'] server mac:['umac-64-etm@openssh.com', 'umac-128-etm@openssh.com', 'hmac-sha2-256-etm@openssh.com', 'hmac-sha2-512-etm@openssh.com', 'hmac-sha1-etm@openssh.com', 'umac-64@openssh.com', 'umac-128@openssh.com', 'hmac-sha2-256', 'hmac-sha2-512', 'hmac-sha1'] client compress:['none', 'zlib@openssh.com'] server compress:['none', 'zlib@openssh.com'] client lang:[''] server lang:[''] kex follows?False
DEB [20180315-13:00:19.992] thr=1   paramiko.transport: Kex agreed: ecdh-sha2-nistp256
DEB [20180315-13:00:19.993] thr=1   paramiko.transport: HostKey agreed: ssh-ed25519
DEB [20180315-13:00:19.993] thr=1   paramiko.transport: Cipher agreed: aes128-ctr
DEB [20180315-13:00:19.993] thr=1   paramiko.transport: MAC agreed: hmac-sha2-256
DEB [20180315-13:00:19.994] thr=1   paramiko.transport: Compression agreed: none
DEB [20180315-13:00:20.305] thr=1   paramiko.transport: kex engine KexNistp256 specified hash_algo <built-in function openssl_sha256>
DEB [20180315-13:00:20.306] thr=1   paramiko.transport: Switch to new keys ...
DEB [20180315-13:00:20.307] thr=2   paramiko.transport: Adding ssh-ed25519 host key for raspberrypi: b'bfdc208c75fbce6bcfed0d9574b96f54'
DEB [20180315-13:00:20.362] thr=1   paramiko.transport: userauth is OK
INF [20180315-13:00:20.480] thr=1   paramiko.transport: Authentication (password) successful!
DEB [20180315-13:00:20.566] thr=1   paramiko.transport: Received global request "hostkeys-00@openssh.com"
DEB [20180315-13:00:20.567] thr=1   paramiko.transport: Rejecting "hostkeys-00@openssh.com" global request from server.
DEB [20180315-13:00:23.564] thr=2   paramiko.transport: [chan 0] Max packet in: 32768 bytes
DEB [20180315-13:00:23.571] thr=1   paramiko.transport: [chan 0] Max packet out: 32768 bytes
DEB [20180315-13:00:23.572] thr=1   paramiko.transport: Secsh channel 0 opened.
DEB [20180315-13:00:23.582] thr=1   paramiko.transport: [chan 0] Sesch channel 0 request ok
DEB [20180315-13:00:28.585] thr=2   paramiko.transport: [chan 0] EOF sent (0)
DEB [20180315-13:00:32.763] thr=2   paramiko.transport: [chan 1] Max packet in: 32768 bytes
DEB [20180315-13:00:32.774] thr=1   paramiko.transport: [chan 1] Max packet out: 32768 bytes
DEB [20180315-13:00:32.774] thr=1   paramiko.transport: Secsh channel 1 opened.
DEB [20180315-13:00:32.784] thr=1   paramiko.transport: [chan 1] Sesch channel 1 request ok
DEB [20180315-13:00:32.797] thr=1   paramiko.transport: [chan 1] EOF received (1)
DEB [20180315-13:00:32.801] thr=1   paramiko.transport: [chan 1] EOF sent (1)
DEB [20180315-13:01:03.302] thr=3   paramiko.transport: starting thread (client mode): 0x5957a70
DEB [20180315-13:01:03.303] thr=3   paramiko.transport: Local version/idstring: SSH-2.0-paramiko_2.4.0
DEB [20180315-13:01:03.360] thr=3   paramiko.transport: Remote version/idstring: SSH-2.0-OpenSSH_7.4p1 Raspbian-10+deb9u2
INF [20180315-13:01:03.361] thr=3   paramiko.transport: Connected (version 2.0, client OpenSSH_7.4p1)
DEB [20180315-13:01:03.367] thr=3   paramiko.transport: kex algos:['curve25519-sha256', 'curve25519-sha256@libssh.org', 'ecdh-sha2-nistp256', 'ecdh-sha2-nistp384', 'ecdh-sha2-nistp521', 'diffie-hellman-group-exchange-sha256', 'diffie-hellman-group16-sha512', 'diffie-hellman-group18-sha512', 'diffie-hellman-group14-sha256', 'diffie-hellman-group14-sha1'] server key:['ssh-rsa', 'rsa-sha2-512', 'rsa-sha2-256', 'ecdsa-sha2-nistp256', 'ssh-ed25519'] client encrypt:['chacha20-poly1305@openssh.com', 'aes128-ctr', 'aes192-ctr', 'aes256-ctr', 'aes128-gcm@openssh.com', 'aes256-gcm@openssh.com'] server encrypt:['chacha20-poly1305@openssh.com', 'aes128-ctr', 'aes192-ctr', 'aes256-ctr', 'aes128-gcm@openssh.com', 'aes256-gcm@openssh.com'] client mac:['umac-64-etm@openssh.com', 'umac-128-etm@openssh.com', 'hmac-sha2-256-etm@openssh.com', 'hmac-sha2-512-etm@openssh.com', 'hmac-sha1-etm@openssh.com', 'umac-64@openssh.com', 'umac-128@openssh.com', 'hmac-sha2-256', 'hmac-sha2-512', 'hmac-sha1'] server mac:['umac-64-etm@openssh.com', 'umac-128-etm@openssh.com', 'hmac-sha2-256-etm@openssh.com', 'hmac-sha2-512-etm@openssh.com', 'hmac-sha1-etm@openssh.com', 'umac-64@openssh.com', 'umac-128@openssh.com', 'hmac-sha2-256', 'hmac-sha2-512', 'hmac-sha1'] client compress:['none', 'zlib@openssh.com'] server compress:['none', 'zlib@openssh.com'] client lang:[''] server lang:[''] kex follows?False
DEB [20180315-13:01:03.368] thr=3   paramiko.transport: Kex agreed: ecdh-sha2-nistp256
DEB [20180315-13:01:03.368] thr=3   paramiko.transport: HostKey agreed: ssh-ed25519
DEB [20180315-13:01:03.368] thr=3   paramiko.transport: Cipher agreed: aes128-ctr
DEB [20180315-13:01:03.368] thr=3   paramiko.transport: MAC agreed: hmac-sha2-256
DEB [20180315-13:01:03.369] thr=3   paramiko.transport: Compression agreed: none
DEB [20180315-13:01:03.418] thr=3   paramiko.transport: kex engine KexNistp256 specified hash_algo <built-in function openssl_sha256>
DEB [20180315-13:01:03.419] thr=3   paramiko.transport: Switch to new keys ...
DEB [20180315-13:01:03.420] thr=2   paramiko.transport: Attempting password auth...
DEB [20180315-13:01:03.470] thr=3   paramiko.transport: userauth is OK
INF [20180315-13:01:03.585] thr=3   paramiko.transport: Authentication (password) successful!
DEB [20180315-13:01:03.586] thr=2   paramiko.transport: [chan 0] Max packet in: 32768 bytes
DEB [20180315-13:01:03.673] thr=3   paramiko.transport: Received global request "hostkeys-00@openssh.com"
DEB [20180315-13:01:03.674] thr=3   paramiko.transport: Rejecting "hostkeys-00@openssh.com" global request from server.
DEB [20180315-13:01:03.721] thr=3   paramiko.transport: [chan 0] Max packet out: 32768 bytes
DEB [20180315-13:01:03.722] thr=3   paramiko.transport: Secsh channel 0 opened.
DEB [20180315-13:01:03.728] thr=3   paramiko.transport: [chan 0] Sesch channel 0 request ok
INF [20180315-13:01:03.742] thr=2   paramiko.transport.sftp: [chan 0] Opened sftp connection (server version 3)
DEB [20180315-13:01:03.744] thr=2   paramiko.transport.sftp: [chan 0] stat(b'/home/pi/Github/DataLogger/RPI/voltage.csv')
DEB [20180315-13:01:03.750] thr=2   paramiko.transport.sftp: [chan 0] open(b'/home/pi/Github/DataLogger/RPI/voltage.csv', 'rb')
DEB [20180315-13:01:03.755] thr=2   paramiko.transport.sftp: [chan 0] open(b'/home/pi/Github/DataLogger/RPI/voltage.csv', 'rb') -> 00000000
DEB [20180315-13:01:03.775] thr=2   paramiko.transport.sftp: [chan 0] close(00000000)
INF [20180315-13:01:03.781] thr=2   paramiko.transport.sftp: [chan 0] sftp session closed.
DEB [20180315-13:01:03.782] thr=2   paramiko.transport: [chan 0] EOF sent (0)
DEB [20180315-13:01:03.783] thr=3   paramiko.transport: EOF in transport thread
DEB [20180315-13:01:03.784] thr=1   paramiko.transport: EOF in transport thread
